TimeQuest Timing Analyzer report for multiplier_as
Tue Jun 14 17:31:56 2016
Quartus II 32-bit Version 13.0.1 Build 232 06/12/2013 Service Pack 1 SJ Web Edition


---------------------
; Table of Contents ;
---------------------
  1. Legal Notice
  2. TimeQuest Timing Analyzer Summary
  3. Parallel Compilation
  4. Clocks
  5. Slow Model Fmax Summary
  6. Slow Model Setup Summary
  7. Slow Model Hold Summary
  8. Slow Model Recovery Summary
  9. Slow Model Removal Summary
 10. Slow Model Minimum Pulse Width Summary
 11. Propagation Delay
 12. Minimum Propagation Delay
 13. Fast Model Setup Summary
 14. Fast Model Hold Summary
 15. Fast Model Recovery Summary
 16. Fast Model Removal Summary
 17. Fast Model Minimum Pulse Width Summary
 18. Propagation Delay
 19. Minimum Propagation Delay
 20. Multicorner Timing Analysis Summary
 21. Progagation Delay
 22. Minimum Progagation Delay
 23. Clock Transfers
 24. Report TCCS
 25. Report RSKM
 26. Unconstrained Paths
 27. TimeQuest Timing Analyzer Messages



----------------
; Legal Notice ;
----------------
Copyright (C) 1991-2013 Altera Corporation
Your use of Altera Corporation's design tools, logic functions 
and other software and tools, and its AMPP partner logic 
functions, and any output files from any of the foregoing 
(including device programming or simulation files), and any 
associated documentation or information are expressly subject 
to the terms and conditions of the Altera Program License 
Subscription Agreement, Altera MegaCore Function License 
Agreement, or other applicable license agreement, including, 
without limitation, that your use is for the sole purpose of 
programming logic devices manufactured by Altera and sold by 
Altera or its authorized distributors.  Please refer to the 
applicable agreement for further details.



+----------------------------------------------------------------------------------------+
; TimeQuest Timing Analyzer Summary                                                      ;
+--------------------+-------------------------------------------------------------------+
; Quartus II Version ; Version 13.0.1 Build 232 06/12/2013 Service Pack 1 SJ Web Edition ;
; Revision Name      ; multiplier_as                                                     ;
; Device Family      ; Cyclone II                                                        ;
; Device Name        ; EP2C35F672C6                                                      ;
; Timing Models      ; Final                                                             ;
; Delay Model        ; Combined                                                          ;
; Rise/Fall Delays   ; Unavailable                                                       ;
+--------------------+-------------------------------------------------------------------+


Parallel compilation was disabled, but you have multiple processors available. Enable parallel compilation to reduce compilation time.
+-------------------------------------+
; Parallel Compilation                ;
+----------------------------+--------+
; Processors                 ; Number ;
+----------------------------+--------+
; Number detected on machine ; 2      ;
; Maximum allowed            ; 1      ;
+----------------------------+--------+


----------
; Clocks ;
----------
No clocks to report.


---------------------------
; Slow Model Fmax Summary ;
---------------------------
No paths to report.


----------------------------
; Slow Model Setup Summary ;
----------------------------
No paths to report.


---------------------------
; Slow Model Hold Summary ;
---------------------------
No paths to report.


-------------------------------
; Slow Model Recovery Summary ;
-------------------------------
No paths to report.


------------------------------
; Slow Model Removal Summary ;
------------------------------
No paths to report.


------------------------------------------
; Slow Model Minimum Pulse Width Summary ;
------------------------------------------
No paths to report.


+--------------------------------------------------------------+
; Propagation Delay                                            ;
+------------+-------------+--------+--------+--------+--------+
; Input Port ; Output Port ; RR     ; RF     ; FR     ; FF     ;
+------------+-------------+--------+--------+--------+--------+
; i_DINa[0]  ; o_DOUT[0]   ; 8.547  ;        ;        ; 8.547  ;
; i_DINa[0]  ; o_DOUT[1]   ; 8.135  ; 8.135  ; 8.135  ; 8.135  ;
; i_DINa[0]  ; o_DOUT[2]   ; 9.207  ; 9.207  ; 9.207  ; 9.207  ;
; i_DINa[0]  ; o_DOUT[3]   ; 10.175 ; 10.175 ; 10.175 ; 10.175 ;
; i_DINa[0]  ; o_DOUT[4]   ; 11.756 ; 11.756 ; 11.756 ; 11.756 ;
; i_DINa[0]  ; o_DOUT[5]   ; 14.196 ; 14.196 ; 14.196 ; 14.196 ;
; i_DINa[0]  ; o_DOUT[6]   ; 14.571 ; 14.571 ; 14.571 ; 14.571 ;
; i_DINa[0]  ; o_DOUT[7]   ; 17.100 ; 17.100 ; 17.100 ; 17.100 ;
; i_DINa[0]  ; o_DOUT[8]   ; 17.089 ; 17.089 ; 17.089 ; 17.089 ;
; i_DINa[0]  ; o_DOUT[9]   ; 17.724 ; 17.724 ; 17.724 ; 17.724 ;
; i_DINa[0]  ; o_DOUT[10]  ; 18.940 ; 18.940 ; 18.940 ; 18.940 ;
; i_DINa[0]  ; o_DOUT[11]  ; 19.496 ; 19.496 ; 19.496 ; 19.496 ;
; i_DINa[0]  ; o_DOUT[12]  ; 20.353 ; 20.353 ; 20.353 ; 20.353 ;
; i_DINa[0]  ; o_DOUT[13]  ; 21.051 ; 21.051 ; 21.051 ; 21.051 ;
; i_DINa[0]  ; o_DOUT[14]  ; 21.510 ; 21.510 ; 21.510 ; 21.510 ;
; i_DINa[0]  ; o_DOUT[15]  ; 21.521 ; 21.521 ; 21.521 ; 21.521 ;
; i_DINa[1]  ; o_DOUT[1]   ; 8.041  ; 8.041  ; 8.041  ; 8.041  ;
; i_DINa[1]  ; o_DOUT[2]   ; 10.083 ; 10.083 ; 10.083 ; 10.083 ;
; i_DINa[1]  ; o_DOUT[3]   ; 10.499 ; 10.499 ; 10.499 ; 10.499 ;
; i_DINa[1]  ; o_DOUT[4]   ; 12.080 ; 12.080 ; 12.080 ; 12.080 ;
; i_DINa[1]  ; o_DOUT[5]   ; 14.520 ; 14.520 ; 14.520 ; 14.520 ;
; i_DINa[1]  ; o_DOUT[6]   ; 14.895 ; 14.895 ; 14.895 ; 14.895 ;
; i_DINa[1]  ; o_DOUT[7]   ; 17.424 ; 17.424 ; 17.424 ; 17.424 ;
; i_DINa[1]  ; o_DOUT[8]   ; 17.413 ; 17.413 ; 17.413 ; 17.413 ;
; i_DINa[1]  ; o_DOUT[9]   ; 18.048 ; 18.048 ; 18.048 ; 18.048 ;
; i_DINa[1]  ; o_DOUT[10]  ; 19.264 ; 19.264 ; 19.264 ; 19.264 ;
; i_DINa[1]  ; o_DOUT[11]  ; 19.820 ; 19.820 ; 19.820 ; 19.820 ;
; i_DINa[1]  ; o_DOUT[12]  ; 20.677 ; 20.677 ; 20.677 ; 20.677 ;
; i_DINa[1]  ; o_DOUT[13]  ; 21.375 ; 21.375 ; 21.375 ; 21.375 ;
; i_DINa[1]  ; o_DOUT[14]  ; 21.834 ; 21.834 ; 21.834 ; 21.834 ;
; i_DINa[1]  ; o_DOUT[15]  ; 21.845 ; 21.845 ; 21.845 ; 21.845 ;
; i_DINa[2]  ; o_DOUT[2]   ; 9.294  ; 9.294  ; 9.294  ; 9.294  ;
; i_DINa[2]  ; o_DOUT[3]   ; 10.014 ; 10.014 ; 10.014 ; 10.014 ;
; i_DINa[2]  ; o_DOUT[4]   ; 11.595 ; 11.595 ; 11.595 ; 11.595 ;
; i_DINa[2]  ; o_DOUT[5]   ; 14.035 ; 14.035 ; 14.035 ; 14.035 ;
; i_DINa[2]  ; o_DOUT[6]   ; 14.410 ; 14.410 ; 14.410 ; 14.410 ;
; i_DINa[2]  ; o_DOUT[7]   ; 16.939 ; 16.939 ; 16.939 ; 16.939 ;
; i_DINa[2]  ; o_DOUT[8]   ; 16.928 ; 16.928 ; 16.928 ; 16.928 ;
; i_DINa[2]  ; o_DOUT[9]   ; 17.563 ; 17.563 ; 17.563 ; 17.563 ;
; i_DINa[2]  ; o_DOUT[10]  ; 18.779 ; 18.779 ; 18.779 ; 18.779 ;
; i_DINa[2]  ; o_DOUT[11]  ; 19.335 ; 19.335 ; 19.335 ; 19.335 ;
; i_DINa[2]  ; o_DOUT[12]  ; 20.192 ; 20.192 ; 20.192 ; 20.192 ;
; i_DINa[2]  ; o_DOUT[13]  ; 20.890 ; 20.890 ; 20.890 ; 20.890 ;
; i_DINa[2]  ; o_DOUT[14]  ; 21.349 ; 21.349 ; 21.349 ; 21.349 ;
; i_DINa[2]  ; o_DOUT[15]  ; 21.360 ; 21.360 ; 21.360 ; 21.360 ;
; i_DINa[3]  ; o_DOUT[3]   ; 9.066  ; 9.066  ; 9.066  ; 9.066  ;
; i_DINa[3]  ; o_DOUT[4]   ; 10.647 ; 10.647 ; 10.647 ; 10.647 ;
; i_DINa[3]  ; o_DOUT[5]   ; 13.081 ; 13.081 ; 13.081 ; 13.081 ;
; i_DINa[3]  ; o_DOUT[6]   ; 13.456 ; 13.456 ; 13.456 ; 13.456 ;
; i_DINa[3]  ; o_DOUT[7]   ; 15.985 ; 15.985 ; 15.985 ; 15.985 ;
; i_DINa[3]  ; o_DOUT[8]   ; 15.974 ; 15.974 ; 15.974 ; 15.974 ;
; i_DINa[3]  ; o_DOUT[9]   ; 16.609 ; 16.609 ; 16.609 ; 16.609 ;
; i_DINa[3]  ; o_DOUT[10]  ; 17.831 ; 17.831 ; 17.831 ; 17.831 ;
; i_DINa[3]  ; o_DOUT[11]  ; 18.387 ; 18.387 ; 18.387 ; 18.387 ;
; i_DINa[3]  ; o_DOUT[12]  ; 19.244 ; 19.244 ; 19.244 ; 19.244 ;
; i_DINa[3]  ; o_DOUT[13]  ; 19.942 ; 19.942 ; 19.942 ; 19.942 ;
; i_DINa[3]  ; o_DOUT[14]  ; 20.401 ; 20.401 ; 20.401 ; 20.401 ;
; i_DINa[3]  ; o_DOUT[15]  ; 20.412 ; 20.412 ; 20.412 ; 20.412 ;
; i_DINa[4]  ; o_DOUT[4]   ; 9.343  ; 9.343  ; 9.343  ; 9.343  ;
; i_DINa[4]  ; o_DOUT[5]   ; 12.074 ; 12.074 ; 12.074 ; 12.074 ;
; i_DINa[4]  ; o_DOUT[6]   ; 12.449 ; 12.449 ; 12.449 ; 12.449 ;
; i_DINa[4]  ; o_DOUT[7]   ; 14.978 ; 14.978 ; 14.978 ; 14.978 ;
; i_DINa[4]  ; o_DOUT[8]   ; 14.967 ; 14.967 ; 14.967 ; 14.967 ;
; i_DINa[4]  ; o_DOUT[9]   ; 15.602 ; 15.602 ; 15.602 ; 15.602 ;
; i_DINa[4]  ; o_DOUT[10]  ; 16.813 ; 16.813 ; 16.813 ; 16.813 ;
; i_DINa[4]  ; o_DOUT[11]  ; 17.369 ; 17.369 ; 17.369 ; 17.369 ;
; i_DINa[4]  ; o_DOUT[12]  ; 18.226 ; 18.226 ; 18.226 ; 18.226 ;
; i_DINa[4]  ; o_DOUT[13]  ; 18.924 ; 18.924 ; 18.924 ; 18.924 ;
; i_DINa[4]  ; o_DOUT[14]  ; 19.383 ; 19.383 ; 19.383 ; 19.383 ;
; i_DINa[4]  ; o_DOUT[15]  ; 19.394 ; 19.394 ; 19.394 ; 19.394 ;
; i_DINa[5]  ; o_DOUT[5]   ; 11.377 ; 11.377 ; 11.377 ; 11.377 ;
; i_DINa[5]  ; o_DOUT[6]   ; 11.752 ; 11.752 ; 11.752 ; 11.752 ;
; i_DINa[5]  ; o_DOUT[7]   ; 14.305 ; 14.305 ; 14.305 ; 14.305 ;
; i_DINa[5]  ; o_DOUT[8]   ; 14.398 ; 14.398 ; 14.398 ; 14.398 ;
; i_DINa[5]  ; o_DOUT[9]   ; 15.266 ; 15.266 ; 15.266 ; 15.266 ;
; i_DINa[5]  ; o_DOUT[10]  ; 16.585 ; 16.585 ; 16.585 ; 16.585 ;
; i_DINa[5]  ; o_DOUT[11]  ; 17.141 ; 17.141 ; 17.141 ; 17.141 ;
; i_DINa[5]  ; o_DOUT[12]  ; 17.998 ; 17.998 ; 17.998 ; 17.998 ;
; i_DINa[5]  ; o_DOUT[13]  ; 18.696 ; 18.696 ; 18.696 ; 18.696 ;
; i_DINa[5]  ; o_DOUT[14]  ; 19.155 ; 19.155 ; 19.155 ; 19.155 ;
; i_DINa[5]  ; o_DOUT[15]  ; 19.166 ; 19.166 ; 19.166 ; 19.166 ;
; i_DINa[6]  ; o_DOUT[6]   ; 9.343  ; 9.343  ; 9.343  ; 9.343  ;
; i_DINa[6]  ; o_DOUT[7]   ; 13.281 ; 13.281 ; 13.281 ; 13.281 ;
; i_DINa[6]  ; o_DOUT[8]   ; 13.374 ; 13.374 ; 13.374 ; 13.374 ;
; i_DINa[6]  ; o_DOUT[9]   ; 14.242 ; 14.242 ; 14.242 ; 14.242 ;
; i_DINa[6]  ; o_DOUT[10]  ; 15.561 ; 15.561 ; 15.561 ; 15.561 ;
; i_DINa[6]  ; o_DOUT[11]  ; 16.117 ; 16.117 ; 16.117 ; 16.117 ;
; i_DINa[6]  ; o_DOUT[12]  ; 16.974 ; 16.974 ; 16.974 ; 16.974 ;
; i_DINa[6]  ; o_DOUT[13]  ; 17.672 ; 17.672 ; 17.672 ; 17.672 ;
; i_DINa[6]  ; o_DOUT[14]  ; 18.131 ; 18.131 ; 18.131 ; 18.131 ;
; i_DINa[6]  ; o_DOUT[15]  ; 18.142 ; 18.142 ; 18.142 ; 18.142 ;
; i_DINa[7]  ; o_DOUT[7]   ; 13.291 ; 13.291 ; 13.291 ; 13.291 ;
; i_DINa[7]  ; o_DOUT[8]   ; 13.384 ; 13.384 ; 13.384 ; 13.384 ;
; i_DINa[7]  ; o_DOUT[9]   ; 14.252 ; 14.252 ; 14.252 ; 14.252 ;
; i_DINa[7]  ; o_DOUT[10]  ; 15.571 ; 15.571 ; 15.571 ; 15.571 ;
; i_DINa[7]  ; o_DOUT[11]  ; 16.127 ; 16.127 ; 16.127 ; 16.127 ;
; i_DINa[7]  ; o_DOUT[12]  ; 16.984 ; 16.984 ; 16.984 ; 16.984 ;
; i_DINa[7]  ; o_DOUT[13]  ; 17.682 ; 17.682 ; 17.682 ; 17.682 ;
; i_DINa[7]  ; o_DOUT[14]  ; 18.141 ; 18.141 ; 18.141 ; 18.141 ;
; i_DINa[7]  ; o_DOUT[15]  ; 18.152 ; 18.152 ; 18.152 ; 18.152 ;
; i_DINb[0]  ; o_DOUT[0]   ; 8.584  ;        ;        ; 8.584  ;
; i_DINb[0]  ; o_DOUT[1]   ; 7.903  ; 7.903  ; 7.903  ; 7.903  ;
; i_DINb[0]  ; o_DOUT[2]   ; 9.377  ; 9.377  ; 9.377  ; 9.377  ;
; i_DINb[0]  ; o_DOUT[3]   ; 10.354 ; 10.354 ; 10.354 ; 10.354 ;
; i_DINb[0]  ; o_DOUT[4]   ; 11.935 ; 11.935 ; 11.935 ; 11.935 ;
; i_DINb[0]  ; o_DOUT[5]   ; 14.375 ; 14.375 ; 14.375 ; 14.375 ;
; i_DINb[0]  ; o_DOUT[6]   ; 14.750 ; 14.750 ; 14.750 ; 14.750 ;
; i_DINb[0]  ; o_DOUT[7]   ; 17.279 ; 17.279 ; 17.279 ; 17.279 ;
; i_DINb[0]  ; o_DOUT[8]   ; 17.268 ; 17.268 ; 17.268 ; 17.268 ;
; i_DINb[0]  ; o_DOUT[9]   ; 17.903 ; 17.903 ; 17.903 ; 17.903 ;
; i_DINb[0]  ; o_DOUT[10]  ; 19.119 ; 19.119 ; 19.119 ; 19.119 ;
; i_DINb[0]  ; o_DOUT[11]  ; 19.675 ; 19.675 ; 19.675 ; 19.675 ;
; i_DINb[0]  ; o_DOUT[12]  ; 20.532 ; 20.532 ; 20.532 ; 20.532 ;
; i_DINb[0]  ; o_DOUT[13]  ; 21.230 ; 21.230 ; 21.230 ; 21.230 ;
; i_DINb[0]  ; o_DOUT[14]  ; 21.689 ; 21.689 ; 21.689 ; 21.689 ;
; i_DINb[0]  ; o_DOUT[15]  ; 21.700 ; 21.700 ; 21.700 ; 21.700 ;
; i_DINb[1]  ; o_DOUT[1]   ; 8.211  ; 8.211  ; 8.211  ; 8.211  ;
; i_DINb[1]  ; o_DOUT[2]   ; 10.086 ; 10.086 ; 10.086 ; 10.086 ;
; i_DINb[1]  ; o_DOUT[3]   ; 10.281 ; 10.281 ; 10.281 ; 10.281 ;
; i_DINb[1]  ; o_DOUT[4]   ; 11.859 ; 11.859 ; 11.859 ; 11.859 ;
; i_DINb[1]  ; o_DOUT[5]   ; 14.274 ; 14.274 ; 14.274 ; 14.274 ;
; i_DINb[1]  ; o_DOUT[6]   ; 14.649 ; 14.649 ; 14.649 ; 14.649 ;
; i_DINb[1]  ; o_DOUT[7]   ; 17.178 ; 17.178 ; 17.178 ; 17.178 ;
; i_DINb[1]  ; o_DOUT[8]   ; 17.167 ; 17.167 ; 17.167 ; 17.167 ;
; i_DINb[1]  ; o_DOUT[9]   ; 17.802 ; 17.802 ; 17.802 ; 17.802 ;
; i_DINb[1]  ; o_DOUT[10]  ; 19.043 ; 19.043 ; 19.043 ; 19.043 ;
; i_DINb[1]  ; o_DOUT[11]  ; 19.599 ; 19.599 ; 19.599 ; 19.599 ;
; i_DINb[1]  ; o_DOUT[12]  ; 20.456 ; 20.456 ; 20.456 ; 20.456 ;
; i_DINb[1]  ; o_DOUT[13]  ; 21.154 ; 21.154 ; 21.154 ; 21.154 ;
; i_DINb[1]  ; o_DOUT[14]  ; 21.613 ; 21.613 ; 21.613 ; 21.613 ;
; i_DINb[1]  ; o_DOUT[15]  ; 21.624 ; 21.624 ; 21.624 ; 21.624 ;
; i_DINb[2]  ; o_DOUT[2]   ; 8.461  ; 8.461  ; 8.461  ; 8.461  ;
; i_DINb[2]  ; o_DOUT[3]   ; 9.626  ; 9.626  ; 9.626  ; 9.626  ;
; i_DINb[2]  ; o_DOUT[4]   ; 11.211 ; 11.211 ; 11.211 ; 11.211 ;
; i_DINb[2]  ; o_DOUT[5]   ; 13.558 ; 13.558 ; 13.558 ; 13.558 ;
; i_DINb[2]  ; o_DOUT[6]   ; 13.933 ; 13.933 ; 13.933 ; 13.933 ;
; i_DINb[2]  ; o_DOUT[7]   ; 16.462 ; 16.462 ; 16.462 ; 16.462 ;
; i_DINb[2]  ; o_DOUT[8]   ; 16.451 ; 16.451 ; 16.451 ; 16.451 ;
; i_DINb[2]  ; o_DOUT[9]   ; 17.086 ; 17.086 ; 17.086 ; 17.086 ;
; i_DINb[2]  ; o_DOUT[10]  ; 18.395 ; 18.395 ; 18.395 ; 18.395 ;
; i_DINb[2]  ; o_DOUT[11]  ; 18.951 ; 18.951 ; 18.951 ; 18.951 ;
; i_DINb[2]  ; o_DOUT[12]  ; 19.808 ; 19.808 ; 19.808 ; 19.808 ;
; i_DINb[2]  ; o_DOUT[13]  ; 20.506 ; 20.506 ; 20.506 ; 20.506 ;
; i_DINb[2]  ; o_DOUT[14]  ; 20.965 ; 20.965 ; 20.965 ; 20.965 ;
; i_DINb[2]  ; o_DOUT[15]  ; 20.976 ; 20.976 ; 20.976 ; 20.976 ;
; i_DINb[3]  ; o_DOUT[3]   ; 12.206 ; 12.206 ; 12.206 ; 12.206 ;
; i_DINb[3]  ; o_DOUT[4]   ; 14.137 ; 14.137 ; 14.137 ; 14.137 ;
; i_DINb[3]  ; o_DOUT[5]   ; 16.477 ; 16.477 ; 16.477 ; 16.477 ;
; i_DINb[3]  ; o_DOUT[6]   ; 16.852 ; 16.852 ; 16.852 ; 16.852 ;
; i_DINb[3]  ; o_DOUT[7]   ; 19.381 ; 19.381 ; 19.381 ; 19.381 ;
; i_DINb[3]  ; o_DOUT[8]   ; 19.370 ; 19.370 ; 19.370 ; 19.370 ;
; i_DINb[3]  ; o_DOUT[9]   ; 20.005 ; 20.005 ; 20.005 ; 20.005 ;
; i_DINb[3]  ; o_DOUT[10]  ; 21.003 ; 21.003 ; 21.003 ; 21.003 ;
; i_DINb[3]  ; o_DOUT[11]  ; 21.559 ; 21.559 ; 21.559 ; 21.559 ;
; i_DINb[3]  ; o_DOUT[12]  ; 22.416 ; 22.416 ; 22.416 ; 22.416 ;
; i_DINb[3]  ; o_DOUT[13]  ; 23.114 ; 23.114 ; 23.114 ; 23.114 ;
; i_DINb[3]  ; o_DOUT[14]  ; 23.573 ; 23.573 ; 23.573 ; 23.573 ;
; i_DINb[3]  ; o_DOUT[15]  ; 23.584 ; 23.584 ; 23.584 ; 23.584 ;
; i_DINb[4]  ; o_DOUT[4]   ; 12.350 ; 12.350 ; 12.350 ; 12.350 ;
; i_DINb[4]  ; o_DOUT[5]   ; 15.129 ; 15.129 ; 15.129 ; 15.129 ;
; i_DINb[4]  ; o_DOUT[6]   ; 15.504 ; 15.504 ; 15.504 ; 15.504 ;
; i_DINb[4]  ; o_DOUT[7]   ; 18.033 ; 18.033 ; 18.033 ; 18.033 ;
; i_DINb[4]  ; o_DOUT[8]   ; 18.022 ; 18.022 ; 18.022 ; 18.022 ;
; i_DINb[4]  ; o_DOUT[9]   ; 18.657 ; 18.657 ; 18.657 ; 18.657 ;
; i_DINb[4]  ; o_DOUT[10]  ; 19.346 ; 19.346 ; 19.346 ; 19.346 ;
; i_DINb[4]  ; o_DOUT[11]  ; 19.888 ; 19.888 ; 19.888 ; 19.888 ;
; i_DINb[4]  ; o_DOUT[12]  ; 20.747 ; 20.747 ; 20.747 ; 20.747 ;
; i_DINb[4]  ; o_DOUT[13]  ; 21.445 ; 21.445 ; 21.445 ; 21.445 ;
; i_DINb[4]  ; o_DOUT[14]  ; 21.904 ; 21.904 ; 21.904 ; 21.904 ;
; i_DINb[4]  ; o_DOUT[15]  ; 21.915 ; 21.915 ; 21.915 ; 21.915 ;
; i_DINb[5]  ; o_DOUT[5]   ; 12.253 ; 12.253 ; 12.253 ; 12.253 ;
; i_DINb[5]  ; o_DOUT[6]   ; 13.951 ; 13.951 ; 13.951 ; 13.951 ;
; i_DINb[5]  ; o_DOUT[7]   ; 16.480 ; 16.480 ; 16.480 ; 16.480 ;
; i_DINb[5]  ; o_DOUT[8]   ; 16.469 ; 16.469 ; 16.469 ; 16.469 ;
; i_DINb[5]  ; o_DOUT[9]   ; 17.104 ; 17.104 ; 17.104 ; 17.104 ;
; i_DINb[5]  ; o_DOUT[10]  ; 17.793 ; 17.793 ; 17.793 ; 17.793 ;
; i_DINb[5]  ; o_DOUT[11]  ; 18.335 ; 18.335 ; 18.335 ; 18.335 ;
; i_DINb[5]  ; o_DOUT[12]  ; 19.194 ; 19.194 ; 19.194 ; 19.194 ;
; i_DINb[5]  ; o_DOUT[13]  ; 19.892 ; 19.892 ; 19.892 ; 19.892 ;
; i_DINb[5]  ; o_DOUT[14]  ; 20.351 ; 20.351 ; 20.351 ; 20.351 ;
; i_DINb[5]  ; o_DOUT[15]  ; 20.362 ; 20.362 ; 20.362 ; 20.362 ;
; i_DINb[6]  ; o_DOUT[6]   ; 11.526 ; 11.526 ; 11.526 ; 11.526 ;
; i_DINb[6]  ; o_DOUT[7]   ; 13.557 ; 13.557 ; 13.557 ; 13.557 ;
; i_DINb[6]  ; o_DOUT[8]   ; 13.312 ; 13.312 ; 13.312 ; 13.312 ;
; i_DINb[6]  ; o_DOUT[9]   ; 13.947 ; 13.947 ; 13.947 ; 13.947 ;
; i_DINb[6]  ; o_DOUT[10]  ; 14.636 ; 14.636 ; 14.636 ; 14.636 ;
; i_DINb[6]  ; o_DOUT[11]  ; 15.178 ; 15.178 ; 15.178 ; 15.178 ;
; i_DINb[6]  ; o_DOUT[12]  ; 16.037 ; 16.037 ; 16.037 ; 16.037 ;
; i_DINb[6]  ; o_DOUT[13]  ; 16.735 ; 16.735 ; 16.735 ; 16.735 ;
; i_DINb[6]  ; o_DOUT[14]  ; 17.194 ; 17.194 ; 17.194 ; 17.194 ;
; i_DINb[6]  ; o_DOUT[15]  ; 17.205 ; 17.205 ; 17.205 ; 17.205 ;
; i_DINb[7]  ; o_DOUT[7]   ; 12.226 ; 12.226 ; 12.226 ; 12.226 ;
; i_DINb[7]  ; o_DOUT[8]   ; 11.756 ; 11.756 ; 11.756 ; 11.756 ;
; i_DINb[7]  ; o_DOUT[9]   ; 12.389 ; 12.389 ; 12.389 ; 12.389 ;
; i_DINb[7]  ; o_DOUT[10]  ; 13.078 ; 13.078 ; 13.078 ; 13.078 ;
; i_DINb[7]  ; o_DOUT[11]  ; 13.620 ; 13.620 ; 13.620 ; 13.620 ;
; i_DINb[7]  ; o_DOUT[12]  ; 14.479 ; 14.479 ; 14.479 ; 14.479 ;
; i_DINb[7]  ; o_DOUT[13]  ; 15.177 ; 15.177 ; 15.177 ; 15.177 ;
; i_DINb[7]  ; o_DOUT[14]  ; 15.636 ; 15.636 ; 15.636 ; 15.636 ;
; i_DINb[7]  ; o_DOUT[15]  ; 15.647 ;        ;        ; 15.647 ;
+------------+-------------+--------+--------+--------+--------+


+--------------------------------------------------------------+
; Minimum Propagation Delay                                    ;
+------------+-------------+--------+--------+--------+--------+
; Input Port ; Output Port ; RR     ; RF     ; FR     ; FF     ;
+------------+-------------+--------+--------+--------+--------+
; i_DINa[0]  ; o_DOUT[0]   ; 8.547  ;        ;        ; 8.547  ;
; i_DINa[0]  ; o_DOUT[1]   ; 8.135  ; 8.135  ; 8.135  ; 8.135  ;
; i_DINa[0]  ; o_DOUT[2]   ; 8.529  ; 8.529  ; 8.529  ; 8.529  ;
; i_DINa[0]  ; o_DOUT[3]   ; 7.825  ; 7.825  ; 7.825  ; 7.825  ;
; i_DINa[0]  ; o_DOUT[4]   ; 8.009  ; 8.009  ; 8.009  ; 8.009  ;
; i_DINa[0]  ; o_DOUT[5]   ; 8.536  ; 8.536  ; 8.536  ; 8.536  ;
; i_DINa[0]  ; o_DOUT[6]   ; 7.622  ; 7.622  ; 7.622  ; 7.622  ;
; i_DINa[0]  ; o_DOUT[7]   ; 8.248  ; 8.248  ; 8.248  ; 8.248  ;
; i_DINa[0]  ; o_DOUT[8]   ; 7.503  ; 7.503  ; 7.503  ; 7.503  ;
; i_DINa[0]  ; o_DOUT[9]   ; 8.134  ; 8.134  ; 8.134  ; 8.134  ;
; i_DINa[0]  ; o_DOUT[10]  ; 8.823  ; 8.823  ; 8.823  ; 8.823  ;
; i_DINa[0]  ; o_DOUT[11]  ; 9.365  ; 9.365  ; 9.365  ; 9.365  ;
; i_DINa[0]  ; o_DOUT[12]  ; 10.224 ; 10.224 ; 10.224 ; 10.224 ;
; i_DINa[0]  ; o_DOUT[13]  ; 10.922 ; 10.922 ; 10.922 ; 10.922 ;
; i_DINa[0]  ; o_DOUT[14]  ; 11.381 ; 11.381 ; 11.381 ; 11.381 ;
; i_DINa[0]  ; o_DOUT[15]  ; 11.392 ; 12.254 ; 12.254 ; 11.392 ;
; i_DINa[1]  ; o_DOUT[1]   ; 8.041  ; 8.041  ; 8.041  ; 8.041  ;
; i_DINa[1]  ; o_DOUT[2]   ; 10.083 ; 10.083 ; 10.083 ; 10.083 ;
; i_DINa[1]  ; o_DOUT[3]   ; 9.836  ; 9.836  ; 9.836  ; 9.836  ;
; i_DINa[1]  ; o_DOUT[4]   ; 9.863  ; 9.863  ; 9.863  ; 9.863  ;
; i_DINa[1]  ; o_DOUT[5]   ; 10.285 ; 10.285 ; 10.285 ; 10.285 ;
; i_DINa[1]  ; o_DOUT[6]   ; 9.640  ; 9.640  ; 9.640  ; 9.640  ;
; i_DINa[1]  ; o_DOUT[7]   ; 9.282  ; 9.282  ; 9.282  ; 9.282  ;
; i_DINa[1]  ; o_DOUT[8]   ; 7.729  ; 7.729  ; 7.729  ; 7.729  ;
; i_DINa[1]  ; o_DOUT[9]   ; 8.362  ; 8.362  ; 8.362  ; 8.362  ;
; i_DINa[1]  ; o_DOUT[10]  ; 9.051  ; 9.051  ; 9.051  ; 9.051  ;
; i_DINa[1]  ; o_DOUT[11]  ; 9.593  ; 9.593  ; 9.593  ; 9.593  ;
; i_DINa[1]  ; o_DOUT[12]  ; 10.452 ; 10.452 ; 10.452 ; 10.452 ;
; i_DINa[1]  ; o_DOUT[13]  ; 11.150 ; 11.150 ; 11.150 ; 11.150 ;
; i_DINa[1]  ; o_DOUT[14]  ; 11.485 ; 11.485 ; 11.485 ; 11.485 ;
; i_DINa[1]  ; o_DOUT[15]  ; 11.492 ; 11.857 ; 11.857 ; 11.492 ;
; i_DINa[2]  ; o_DOUT[2]   ; 9.294  ; 9.294  ; 9.294  ; 9.294  ;
; i_DINa[2]  ; o_DOUT[3]   ; 9.489  ; 9.489  ; 9.489  ; 9.489  ;
; i_DINa[2]  ; o_DOUT[4]   ; 10.425 ; 10.425 ; 10.425 ; 10.425 ;
; i_DINa[2]  ; o_DOUT[5]   ; 11.022 ; 11.022 ; 11.022 ; 11.022 ;
; i_DINa[2]  ; o_DOUT[6]   ; 9.716  ; 9.716  ; 9.716  ; 9.716  ;
; i_DINa[2]  ; o_DOUT[7]   ; 10.098 ; 10.098 ; 10.098 ; 10.098 ;
; i_DINa[2]  ; o_DOUT[8]   ; 8.787  ; 8.787  ; 8.787  ; 8.787  ;
; i_DINa[2]  ; o_DOUT[9]   ; 8.114  ; 8.114  ; 8.114  ; 8.114  ;
; i_DINa[2]  ; o_DOUT[10]  ; 8.799  ; 8.799  ; 8.799  ; 8.799  ;
; i_DINa[2]  ; o_DOUT[11]  ; 9.341  ; 9.341  ; 9.341  ; 9.341  ;
; i_DINa[2]  ; o_DOUT[12]  ; 10.200 ; 10.200 ; 10.200 ; 10.200 ;
; i_DINa[2]  ; o_DOUT[13]  ; 10.898 ; 10.898 ; 10.898 ; 10.898 ;
; i_DINa[2]  ; o_DOUT[14]  ; 11.357 ; 11.357 ; 11.357 ; 11.357 ;
; i_DINa[2]  ; o_DOUT[15]  ; 11.368 ; 12.311 ; 12.311 ; 11.368 ;
; i_DINa[3]  ; o_DOUT[3]   ; 9.066  ; 9.066  ; 9.066  ; 9.066  ;
; i_DINa[3]  ; o_DOUT[4]   ; 9.439  ; 9.439  ; 9.439  ; 9.439  ;
; i_DINa[3]  ; o_DOUT[5]   ; 10.333 ; 10.333 ; 10.333 ; 10.333 ;
; i_DINa[3]  ; o_DOUT[6]   ; 8.409  ; 8.409  ; 8.409  ; 8.409  ;
; i_DINa[3]  ; o_DOUT[7]   ; 9.240  ; 9.240  ; 9.240  ; 9.240  ;
; i_DINa[3]  ; o_DOUT[8]   ; 7.020  ; 7.020  ; 7.020  ; 7.020  ;
; i_DINa[3]  ; o_DOUT[9]   ; 6.190  ; 6.190  ; 6.190  ; 6.190  ;
; i_DINa[3]  ; o_DOUT[10]  ; 6.875  ; 6.875  ; 6.875  ; 6.875  ;
; i_DINa[3]  ; o_DOUT[11]  ; 7.417  ; 7.417  ; 7.417  ; 7.417  ;
; i_DINa[3]  ; o_DOUT[12]  ; 8.276  ; 8.276  ; 8.276  ; 8.276  ;
; i_DINa[3]  ; o_DOUT[13]  ; 8.974  ; 8.974  ; 8.974  ; 8.974  ;
; i_DINa[3]  ; o_DOUT[14]  ; 9.177  ; 9.177  ; 9.177  ; 9.177  ;
; i_DINa[3]  ; o_DOUT[15]  ; 9.184  ; 9.444  ; 9.444  ; 9.184  ;
; i_DINa[4]  ; o_DOUT[4]   ; 9.343  ; 9.343  ; 9.343  ; 9.343  ;
; i_DINa[4]  ; o_DOUT[5]   ; 9.874  ; 9.874  ; 9.874  ; 9.874  ;
; i_DINa[4]  ; o_DOUT[6]   ; 8.421  ; 8.421  ; 8.421  ; 8.421  ;
; i_DINa[4]  ; o_DOUT[7]   ; 9.909  ; 9.909  ; 9.909  ; 9.909  ;
; i_DINa[4]  ; o_DOUT[8]   ; 8.101  ; 8.101  ; 8.101  ; 8.101  ;
; i_DINa[4]  ; o_DOUT[9]   ; 6.520  ; 6.520  ; 6.520  ; 6.520  ;
; i_DINa[4]  ; o_DOUT[10]  ; 5.905  ; 5.905  ; 5.905  ; 5.905  ;
; i_DINa[4]  ; o_DOUT[11]  ; 6.185  ; 6.185  ; 6.185  ; 6.185  ;
; i_DINa[4]  ; o_DOUT[12]  ; 7.045  ; 7.045  ; 7.045  ; 7.045  ;
; i_DINa[4]  ; o_DOUT[13]  ; 7.743  ; 7.743  ; 7.743  ; 7.743  ;
; i_DINa[4]  ; o_DOUT[14]  ; 8.202  ; 8.202  ; 8.202  ; 8.202  ;
; i_DINa[4]  ; o_DOUT[15]  ; 8.213  ; 8.473  ; 8.473  ; 8.213  ;
; i_DINa[5]  ; o_DOUT[5]   ; 11.377 ; 11.377 ; 11.377 ; 11.377 ;
; i_DINa[5]  ; o_DOUT[6]   ; 9.563  ; 9.563  ; 9.563  ; 9.563  ;
; i_DINa[5]  ; o_DOUT[7]   ; 10.432 ; 10.432 ; 10.432 ; 10.432 ;
; i_DINa[5]  ; o_DOUT[8]   ; 8.652  ; 8.652  ; 8.652  ; 8.652  ;
; i_DINa[5]  ; o_DOUT[9]   ; 8.276  ; 8.276  ; 8.276  ; 8.276  ;
; i_DINa[5]  ; o_DOUT[10]  ; 6.728  ; 6.728  ; 6.728  ; 6.728  ;
; i_DINa[5]  ; o_DOUT[11]  ; 5.887  ; 5.887  ; 5.887  ; 5.887  ;
; i_DINa[5]  ; o_DOUT[12]  ; 6.635  ; 6.635  ; 6.635  ; 6.635  ;
; i_DINa[5]  ; o_DOUT[13]  ; 7.334  ; 7.334  ; 7.334  ; 7.334  ;
; i_DINa[5]  ; o_DOUT[14]  ; 7.793  ; 7.793  ; 7.793  ; 7.793  ;
; i_DINa[5]  ; o_DOUT[15]  ; 7.804  ; 7.913  ; 7.913  ; 7.804  ;
; i_DINa[6]  ; o_DOUT[6]   ; 9.343  ; 9.343  ; 9.343  ; 9.343  ;
; i_DINa[6]  ; o_DOUT[7]   ; 10.831 ; 10.831 ; 10.831 ; 10.831 ;
; i_DINa[6]  ; o_DOUT[8]   ; 9.520  ; 9.520  ; 9.520  ; 9.520  ;
; i_DINa[6]  ; o_DOUT[9]   ; 8.693  ; 8.693  ; 8.693  ; 8.693  ;
; i_DINa[6]  ; o_DOUT[10]  ; 7.515  ; 7.515  ; 7.515  ; 7.515  ;
; i_DINa[6]  ; o_DOUT[11]  ; 6.855  ; 6.855  ; 6.855  ; 6.855  ;
; i_DINa[6]  ; o_DOUT[12]  ; 6.260  ; 6.260  ; 6.260  ; 6.260  ;
; i_DINa[6]  ; o_DOUT[13]  ; 6.134  ; 6.134  ; 6.134  ; 6.134  ;
; i_DINa[6]  ; o_DOUT[14]  ; 6.581  ; 6.581  ; 6.581  ; 6.581  ;
; i_DINa[6]  ; o_DOUT[15]  ; 6.592  ; 7.429  ; 7.429  ; 6.592  ;
; i_DINa[7]  ; o_DOUT[7]   ; 13.291 ; 13.291 ; 13.291 ; 13.291 ;
; i_DINa[7]  ; o_DOUT[8]   ; 11.244 ; 11.244 ; 11.244 ; 11.244 ;
; i_DINa[7]  ; o_DOUT[9]   ; 10.085 ; 10.085 ; 10.085 ; 10.085 ;
; i_DINa[7]  ; o_DOUT[10]  ; 10.147 ; 10.147 ; 10.147 ; 10.147 ;
; i_DINa[7]  ; o_DOUT[11]  ; 8.700  ; 8.700  ; 8.700  ; 8.700  ;
; i_DINa[7]  ; o_DOUT[12]  ; 7.923  ; 7.923  ; 7.923  ; 7.923  ;
; i_DINa[7]  ; o_DOUT[13]  ; 7.541  ; 7.541  ; 7.541  ; 7.541  ;
; i_DINa[7]  ; o_DOUT[14]  ; 6.757  ; 6.757  ; 6.757  ; 6.757  ;
; i_DINa[7]  ; o_DOUT[15]  ; 6.766  ; 8.000  ; 8.000  ; 6.766  ;
; i_DINb[0]  ; o_DOUT[0]   ; 8.584  ;        ;        ; 8.584  ;
; i_DINb[0]  ; o_DOUT[1]   ; 7.903  ; 7.903  ; 7.903  ; 7.903  ;
; i_DINb[0]  ; o_DOUT[2]   ; 9.377  ; 9.377  ; 9.377  ; 9.377  ;
; i_DINb[0]  ; o_DOUT[3]   ; 9.572  ; 9.572  ; 9.572  ; 9.572  ;
; i_DINb[0]  ; o_DOUT[4]   ; 10.467 ; 10.467 ; 10.467 ; 10.467 ;
; i_DINb[0]  ; o_DOUT[5]   ; 11.888 ; 11.888 ; 11.888 ; 11.888 ;
; i_DINb[0]  ; o_DOUT[6]   ; 10.837 ; 10.837 ; 10.837 ; 10.837 ;
; i_DINb[0]  ; o_DOUT[7]   ; 12.325 ; 12.325 ; 12.325 ; 12.325 ;
; i_DINb[0]  ; o_DOUT[8]   ; 11.014 ; 11.014 ; 11.014 ; 11.014 ;
; i_DINb[0]  ; o_DOUT[9]   ; 11.642 ; 11.642 ; 11.642 ; 11.642 ;
; i_DINb[0]  ; o_DOUT[10]  ; 12.331 ; 12.331 ; 12.331 ; 12.331 ;
; i_DINb[0]  ; o_DOUT[11]  ; 12.587 ; 12.587 ; 12.587 ; 12.587 ;
; i_DINb[0]  ; o_DOUT[12]  ; 12.931 ; 12.931 ; 12.931 ; 12.931 ;
; i_DINb[0]  ; o_DOUT[13]  ; 12.529 ; 12.529 ; 12.529 ; 12.529 ;
; i_DINb[0]  ; o_DOUT[14]  ; 12.763 ; 12.763 ; 12.763 ; 12.763 ;
; i_DINb[0]  ; o_DOUT[15]  ; 12.770 ; 12.985 ; 12.985 ; 12.770 ;
; i_DINb[1]  ; o_DOUT[1]   ; 8.211  ; 8.211  ; 8.211  ; 8.211  ;
; i_DINb[1]  ; o_DOUT[2]   ; 10.086 ; 10.086 ; 10.086 ; 10.086 ;
; i_DINb[1]  ; o_DOUT[3]   ; 9.875  ; 9.875  ; 9.875  ; 9.875  ;
; i_DINb[1]  ; o_DOUT[4]   ; 10.263 ; 10.263 ; 10.263 ; 10.263 ;
; i_DINb[1]  ; o_DOUT[5]   ; 10.995 ; 10.995 ; 10.995 ; 10.995 ;
; i_DINb[1]  ; o_DOUT[6]   ; 9.908  ; 9.908  ; 9.908  ; 9.908  ;
; i_DINb[1]  ; o_DOUT[7]   ; 11.396 ; 11.396 ; 11.396 ; 11.396 ;
; i_DINb[1]  ; o_DOUT[8]   ; 10.085 ; 10.085 ; 10.085 ; 10.085 ;
; i_DINb[1]  ; o_DOUT[9]   ; 10.713 ; 10.713 ; 10.713 ; 10.713 ;
; i_DINb[1]  ; o_DOUT[10]  ; 11.402 ; 11.402 ; 11.402 ; 11.402 ;
; i_DINb[1]  ; o_DOUT[11]  ; 11.611 ; 11.611 ; 11.611 ; 11.611 ;
; i_DINb[1]  ; o_DOUT[12]  ; 11.955 ; 11.955 ; 11.955 ; 11.955 ;
; i_DINb[1]  ; o_DOUT[13]  ; 11.553 ; 11.553 ; 11.553 ; 11.553 ;
; i_DINb[1]  ; o_DOUT[14]  ; 11.787 ; 11.787 ; 11.787 ; 11.787 ;
; i_DINb[1]  ; o_DOUT[15]  ; 11.794 ; 12.009 ; 12.009 ; 11.794 ;
; i_DINb[2]  ; o_DOUT[2]   ; 8.461  ; 8.461  ; 8.461  ; 8.461  ;
; i_DINb[2]  ; o_DOUT[3]   ; 9.593  ; 9.593  ; 9.593  ; 9.593  ;
; i_DINb[2]  ; o_DOUT[4]   ; 10.529 ; 10.529 ; 10.529 ; 10.529 ;
; i_DINb[2]  ; o_DOUT[5]   ; 11.481 ; 11.481 ; 11.481 ; 11.481 ;
; i_DINb[2]  ; o_DOUT[6]   ; 9.918  ; 9.918  ; 9.918  ; 9.918  ;
; i_DINb[2]  ; o_DOUT[7]   ; 11.406 ; 11.406 ; 11.406 ; 11.406 ;
; i_DINb[2]  ; o_DOUT[8]   ; 10.095 ; 10.095 ; 10.095 ; 10.095 ;
; i_DINb[2]  ; o_DOUT[9]   ; 9.752  ; 9.752  ; 9.752  ; 9.752  ;
; i_DINb[2]  ; o_DOUT[10]  ; 10.441 ; 10.441 ; 10.441 ; 10.441 ;
; i_DINb[2]  ; o_DOUT[11]  ; 10.983 ; 10.983 ; 10.983 ; 10.983 ;
; i_DINb[2]  ; o_DOUT[12]  ; 11.362 ; 11.362 ; 11.362 ; 11.362 ;
; i_DINb[2]  ; o_DOUT[13]  ; 11.298 ; 11.298 ; 11.298 ; 11.298 ;
; i_DINb[2]  ; o_DOUT[14]  ; 11.532 ; 11.532 ; 11.532 ; 11.532 ;
; i_DINb[2]  ; o_DOUT[15]  ; 11.539 ; 11.539 ; 11.539 ; 11.539 ;
; i_DINb[3]  ; o_DOUT[3]   ; 12.206 ; 12.206 ; 12.206 ; 12.206 ;
; i_DINb[3]  ; o_DOUT[4]   ; 14.076 ; 14.076 ; 14.076 ; 14.076 ;
; i_DINb[3]  ; o_DOUT[5]   ; 15.280 ; 15.280 ; 15.280 ; 15.280 ;
; i_DINb[3]  ; o_DOUT[6]   ; 13.653 ; 13.653 ; 13.653 ; 13.653 ;
; i_DINb[3]  ; o_DOUT[7]   ; 14.894 ; 14.894 ; 14.894 ; 14.894 ;
; i_DINb[3]  ; o_DOUT[8]   ; 13.085 ; 13.085 ; 13.085 ; 13.085 ;
; i_DINb[3]  ; o_DOUT[9]   ; 13.242 ; 13.242 ; 13.242 ; 13.242 ;
; i_DINb[3]  ; o_DOUT[10]  ; 13.931 ; 13.931 ; 13.931 ; 13.931 ;
; i_DINb[3]  ; o_DOUT[11]  ; 14.228 ; 14.228 ; 14.228 ; 14.228 ;
; i_DINb[3]  ; o_DOUT[12]  ; 14.572 ; 14.572 ; 14.572 ; 14.572 ;
; i_DINb[3]  ; o_DOUT[13]  ; 14.170 ; 14.170 ; 14.170 ; 14.170 ;
; i_DINb[3]  ; o_DOUT[14]  ; 14.404 ; 14.404 ; 14.404 ; 14.404 ;
; i_DINb[3]  ; o_DOUT[15]  ; 14.411 ; 14.626 ; 14.626 ; 14.411 ;
; i_DINb[4]  ; o_DOUT[4]   ; 12.350 ; 12.350 ; 12.350 ; 12.350 ;
; i_DINb[4]  ; o_DOUT[5]   ; 14.791 ; 14.791 ; 14.791 ; 14.791 ;
; i_DINb[4]  ; o_DOUT[6]   ; 14.372 ; 14.372 ; 14.372 ; 14.372 ;
; i_DINb[4]  ; o_DOUT[7]   ; 15.472 ; 15.472 ; 15.472 ; 15.472 ;
; i_DINb[4]  ; o_DOUT[8]   ; 13.043 ; 13.043 ; 13.043 ; 13.043 ;
; i_DINb[4]  ; o_DOUT[9]   ; 12.923 ; 12.923 ; 12.923 ; 12.923 ;
; i_DINb[4]  ; o_DOUT[10]  ; 12.910 ; 12.910 ; 12.910 ; 12.910 ;
; i_DINb[4]  ; o_DOUT[11]  ; 12.654 ; 12.654 ; 12.654 ; 12.654 ;
; i_DINb[4]  ; o_DOUT[12]  ; 13.005 ; 13.005 ; 13.005 ; 13.005 ;
; i_DINb[4]  ; o_DOUT[13]  ; 13.480 ; 13.480 ; 13.480 ; 13.480 ;
; i_DINb[4]  ; o_DOUT[14]  ; 13.447 ; 13.447 ; 13.447 ; 13.447 ;
; i_DINb[4]  ; o_DOUT[15]  ; 13.454 ; 13.454 ; 13.454 ; 13.454 ;
; i_DINb[5]  ; o_DOUT[5]   ; 12.253 ; 12.253 ; 12.253 ; 12.253 ;
; i_DINb[5]  ; o_DOUT[6]   ; 13.242 ; 13.242 ; 13.242 ; 13.242 ;
; i_DINb[5]  ; o_DOUT[7]   ; 13.972 ; 13.972 ; 13.972 ; 13.972 ;
; i_DINb[5]  ; o_DOUT[8]   ; 12.131 ; 12.131 ; 12.131 ; 12.131 ;
; i_DINb[5]  ; o_DOUT[9]   ; 11.802 ; 11.802 ; 11.802 ; 11.802 ;
; i_DINb[5]  ; o_DOUT[10]  ; 11.999 ; 11.999 ; 11.999 ; 11.999 ;
; i_DINb[5]  ; o_DOUT[11]  ; 12.228 ; 12.228 ; 12.228 ; 12.228 ;
; i_DINb[5]  ; o_DOUT[12]  ; 11.805 ; 11.805 ; 11.805 ; 11.805 ;
; i_DINb[5]  ; o_DOUT[13]  ; 12.284 ; 12.284 ; 12.284 ; 12.284 ;
; i_DINb[5]  ; o_DOUT[14]  ; 12.518 ; 12.518 ; 12.518 ; 12.518 ;
; i_DINb[5]  ; o_DOUT[15]  ; 12.525 ; 12.740 ; 12.740 ; 12.525 ;
; i_DINb[6]  ; o_DOUT[6]   ; 11.526 ; 11.526 ; 11.526 ; 11.526 ;
; i_DINb[6]  ; o_DOUT[7]   ; 13.405 ; 13.405 ; 13.405 ; 13.405 ;
; i_DINb[6]  ; o_DOUT[8]   ; 12.094 ; 12.094 ; 12.094 ; 12.094 ;
; i_DINb[6]  ; o_DOUT[9]   ; 11.704 ; 11.704 ; 11.704 ; 11.704 ;
; i_DINb[6]  ; o_DOUT[10]  ; 11.428 ; 11.428 ; 11.428 ; 11.428 ;
; i_DINb[6]  ; o_DOUT[11]  ; 11.433 ; 11.433 ; 11.433 ; 11.433 ;
; i_DINb[6]  ; o_DOUT[12]  ; 11.433 ; 11.433 ; 11.433 ; 11.433 ;
; i_DINb[6]  ; o_DOUT[13]  ; 11.443 ; 11.443 ; 11.443 ; 11.443 ;
; i_DINb[6]  ; o_DOUT[14]  ; 11.588 ; 11.588 ; 11.588 ; 11.588 ;
; i_DINb[6]  ; o_DOUT[15]  ; 11.595 ; 11.902 ; 11.902 ; 11.595 ;
; i_DINb[7]  ; o_DOUT[7]   ; 12.226 ; 12.226 ; 12.226 ; 12.226 ;
; i_DINb[7]  ; o_DOUT[8]   ; 11.478 ; 11.478 ; 11.478 ; 11.478 ;
; i_DINb[7]  ; o_DOUT[9]   ; 11.463 ; 11.463 ; 11.463 ; 11.463 ;
; i_DINb[7]  ; o_DOUT[10]  ; 12.032 ; 12.032 ; 12.032 ; 12.032 ;
; i_DINb[7]  ; o_DOUT[11]  ; 11.906 ; 11.906 ; 11.906 ; 11.906 ;
; i_DINb[7]  ; o_DOUT[12]  ; 12.391 ; 12.391 ; 12.391 ; 12.391 ;
; i_DINb[7]  ; o_DOUT[13]  ; 11.499 ; 11.499 ; 11.499 ; 11.499 ;
; i_DINb[7]  ; o_DOUT[14]  ; 10.848 ; 10.848 ; 10.848 ; 10.848 ;
; i_DINb[7]  ; o_DOUT[15]  ; 10.857 ;        ;        ; 10.857 ;
+------------+-------------+--------+--------+--------+--------+


----------------------------
; Fast Model Setup Summary ;
----------------------------
No paths to report.


---------------------------
; Fast Model Hold Summary ;
---------------------------
No paths to report.


-------------------------------
; Fast Model Recovery Summary ;
-------------------------------
No paths to report.


------------------------------
; Fast Model Removal Summary ;
------------------------------
No paths to report.


------------------------------------------
; Fast Model Minimum Pulse Width Summary ;
------------------------------------------
No paths to report.


+--------------------------------------------------------------+
; Propagation Delay                                            ;
+------------+-------------+--------+--------+--------+--------+
; Input Port ; Output Port ; RR     ; RF     ; FR     ; FF     ;
+------------+-------------+--------+--------+--------+--------+
; i_DINa[0]  ; o_DOUT[0]   ; 4.404  ;        ;        ; 4.404  ;
; i_DINa[0]  ; o_DOUT[1]   ; 4.256  ; 4.256  ; 4.256  ; 4.256  ;
; i_DINa[0]  ; o_DOUT[2]   ; 4.673  ; 4.673  ; 4.673  ; 4.673  ;
; i_DINa[0]  ; o_DOUT[3]   ; 5.137  ; 5.137  ; 5.137  ; 5.137  ;
; i_DINa[0]  ; o_DOUT[4]   ; 5.814  ; 5.814  ; 5.814  ; 5.814  ;
; i_DINa[0]  ; o_DOUT[5]   ; 6.827  ; 6.827  ; 6.827  ; 6.827  ;
; i_DINa[0]  ; o_DOUT[6]   ; 7.006  ; 7.006  ; 7.006  ; 7.006  ;
; i_DINa[0]  ; o_DOUT[7]   ; 8.114  ; 8.114  ; 8.114  ; 8.114  ;
; i_DINa[0]  ; o_DOUT[8]   ; 8.044  ; 8.044  ; 8.044  ; 8.044  ;
; i_DINa[0]  ; o_DOUT[9]   ; 8.328  ; 8.328  ; 8.328  ; 8.328  ;
; i_DINa[0]  ; o_DOUT[10]  ; 8.877  ; 8.877  ; 8.877  ; 8.877  ;
; i_DINa[0]  ; o_DOUT[11]  ; 9.107  ; 9.107  ; 9.107  ; 9.107  ;
; i_DINa[0]  ; o_DOUT[12]  ; 9.488  ; 9.488  ; 9.488  ; 9.488  ;
; i_DINa[0]  ; o_DOUT[13]  ; 9.785  ; 9.785  ; 9.785  ; 9.785  ;
; i_DINa[0]  ; o_DOUT[14]  ; 9.981  ; 9.981  ; 9.981  ; 9.981  ;
; i_DINa[0]  ; o_DOUT[15]  ; 9.988  ; 9.988  ; 9.988  ; 9.988  ;
; i_DINa[1]  ; o_DOUT[1]   ; 4.208  ; 4.208  ; 4.208  ; 4.208  ;
; i_DINa[1]  ; o_DOUT[2]   ; 5.025  ; 5.025  ; 5.025  ; 5.025  ;
; i_DINa[1]  ; o_DOUT[3]   ; 5.244  ; 5.244  ; 5.244  ; 5.244  ;
; i_DINa[1]  ; o_DOUT[4]   ; 5.921  ; 5.921  ; 5.921  ; 5.921  ;
; i_DINa[1]  ; o_DOUT[5]   ; 6.934  ; 6.934  ; 6.934  ; 6.934  ;
; i_DINa[1]  ; o_DOUT[6]   ; 7.113  ; 7.113  ; 7.113  ; 7.113  ;
; i_DINa[1]  ; o_DOUT[7]   ; 8.221  ; 8.221  ; 8.221  ; 8.221  ;
; i_DINa[1]  ; o_DOUT[8]   ; 8.151  ; 8.151  ; 8.151  ; 8.151  ;
; i_DINa[1]  ; o_DOUT[9]   ; 8.435  ; 8.435  ; 8.435  ; 8.435  ;
; i_DINa[1]  ; o_DOUT[10]  ; 8.984  ; 8.984  ; 8.984  ; 8.984  ;
; i_DINa[1]  ; o_DOUT[11]  ; 9.214  ; 9.214  ; 9.214  ; 9.214  ;
; i_DINa[1]  ; o_DOUT[12]  ; 9.595  ; 9.595  ; 9.595  ; 9.595  ;
; i_DINa[1]  ; o_DOUT[13]  ; 9.892  ; 9.892  ; 9.892  ; 9.892  ;
; i_DINa[1]  ; o_DOUT[14]  ; 10.088 ; 10.088 ; 10.088 ; 10.088 ;
; i_DINa[1]  ; o_DOUT[15]  ; 10.095 ; 10.095 ; 10.095 ; 10.095 ;
; i_DINa[2]  ; o_DOUT[2]   ; 4.700  ; 4.700  ; 4.700  ; 4.700  ;
; i_DINa[2]  ; o_DOUT[3]   ; 5.044  ; 5.044  ; 5.044  ; 5.044  ;
; i_DINa[2]  ; o_DOUT[4]   ; 5.721  ; 5.721  ; 5.721  ; 5.721  ;
; i_DINa[2]  ; o_DOUT[5]   ; 6.734  ; 6.734  ; 6.734  ; 6.734  ;
; i_DINa[2]  ; o_DOUT[6]   ; 6.913  ; 6.913  ; 6.913  ; 6.913  ;
; i_DINa[2]  ; o_DOUT[7]   ; 8.021  ; 8.021  ; 8.021  ; 8.021  ;
; i_DINa[2]  ; o_DOUT[8]   ; 7.951  ; 7.951  ; 7.951  ; 7.951  ;
; i_DINa[2]  ; o_DOUT[9]   ; 8.235  ; 8.235  ; 8.235  ; 8.235  ;
; i_DINa[2]  ; o_DOUT[10]  ; 8.784  ; 8.784  ; 8.784  ; 8.784  ;
; i_DINa[2]  ; o_DOUT[11]  ; 9.014  ; 9.014  ; 9.014  ; 9.014  ;
; i_DINa[2]  ; o_DOUT[12]  ; 9.395  ; 9.395  ; 9.395  ; 9.395  ;
; i_DINa[2]  ; o_DOUT[13]  ; 9.692  ; 9.692  ; 9.692  ; 9.692  ;
; i_DINa[2]  ; o_DOUT[14]  ; 9.888  ; 9.888  ; 9.888  ; 9.888  ;
; i_DINa[2]  ; o_DOUT[15]  ; 9.895  ; 9.895  ; 9.895  ; 9.895  ;
; i_DINa[3]  ; o_DOUT[3]   ; 4.499  ; 4.499  ; 4.499  ; 4.499  ;
; i_DINa[3]  ; o_DOUT[4]   ; 5.176  ; 5.176  ; 5.176  ; 5.176  ;
; i_DINa[3]  ; o_DOUT[5]   ; 6.189  ; 6.189  ; 6.189  ; 6.189  ;
; i_DINa[3]  ; o_DOUT[6]   ; 6.368  ; 6.368  ; 6.368  ; 6.368  ;
; i_DINa[3]  ; o_DOUT[7]   ; 7.476  ; 7.476  ; 7.476  ; 7.476  ;
; i_DINa[3]  ; o_DOUT[8]   ; 7.406  ; 7.406  ; 7.406  ; 7.406  ;
; i_DINa[3]  ; o_DOUT[9]   ; 7.690  ; 7.690  ; 7.690  ; 7.690  ;
; i_DINa[3]  ; o_DOUT[10]  ; 8.239  ; 8.239  ; 8.239  ; 8.239  ;
; i_DINa[3]  ; o_DOUT[11]  ; 8.469  ; 8.469  ; 8.469  ; 8.469  ;
; i_DINa[3]  ; o_DOUT[12]  ; 8.850  ; 8.850  ; 8.850  ; 8.850  ;
; i_DINa[3]  ; o_DOUT[13]  ; 9.147  ; 9.147  ; 9.147  ; 9.147  ;
; i_DINa[3]  ; o_DOUT[14]  ; 9.343  ; 9.343  ; 9.343  ; 9.343  ;
; i_DINa[3]  ; o_DOUT[15]  ; 9.350  ; 9.350  ; 9.350  ; 9.350  ;
; i_DINa[4]  ; o_DOUT[4]   ; 4.629  ; 4.629  ; 4.629  ; 4.629  ;
; i_DINa[4]  ; o_DOUT[5]   ; 5.740  ; 5.740  ; 5.740  ; 5.740  ;
; i_DINa[4]  ; o_DOUT[6]   ; 5.919  ; 5.919  ; 5.919  ; 5.919  ;
; i_DINa[4]  ; o_DOUT[7]   ; 7.027  ; 7.027  ; 7.027  ; 7.027  ;
; i_DINa[4]  ; o_DOUT[8]   ; 6.957  ; 6.957  ; 6.957  ; 6.957  ;
; i_DINa[4]  ; o_DOUT[9]   ; 7.241  ; 7.241  ; 7.241  ; 7.241  ;
; i_DINa[4]  ; o_DOUT[10]  ; 7.790  ; 7.790  ; 7.790  ; 7.790  ;
; i_DINa[4]  ; o_DOUT[11]  ; 8.020  ; 8.020  ; 8.020  ; 8.020  ;
; i_DINa[4]  ; o_DOUT[12]  ; 8.401  ; 8.401  ; 8.401  ; 8.401  ;
; i_DINa[4]  ; o_DOUT[13]  ; 8.698  ; 8.698  ; 8.698  ; 8.698  ;
; i_DINa[4]  ; o_DOUT[14]  ; 8.894  ; 8.894  ; 8.894  ; 8.894  ;
; i_DINa[4]  ; o_DOUT[15]  ; 8.901  ; 8.901  ; 8.901  ; 8.901  ;
; i_DINa[5]  ; o_DOUT[5]   ; 5.500  ; 5.500  ; 5.500  ; 5.500  ;
; i_DINa[5]  ; o_DOUT[6]   ; 5.679  ; 5.679  ; 5.679  ; 5.679  ;
; i_DINa[5]  ; o_DOUT[7]   ; 6.787  ; 6.787  ; 6.787  ; 6.787  ;
; i_DINa[5]  ; o_DOUT[8]   ; 6.766  ; 6.766  ; 6.766  ; 6.766  ;
; i_DINa[5]  ; o_DOUT[9]   ; 7.153  ; 7.153  ; 7.153  ; 7.153  ;
; i_DINa[5]  ; o_DOUT[10]  ; 7.722  ; 7.722  ; 7.722  ; 7.722  ;
; i_DINa[5]  ; o_DOUT[11]  ; 7.952  ; 7.952  ; 7.952  ; 7.952  ;
; i_DINa[5]  ; o_DOUT[12]  ; 8.333  ; 8.333  ; 8.333  ; 8.333  ;
; i_DINa[5]  ; o_DOUT[13]  ; 8.630  ; 8.630  ; 8.630  ; 8.630  ;
; i_DINa[5]  ; o_DOUT[14]  ; 8.826  ; 8.826  ; 8.826  ; 8.826  ;
; i_DINa[5]  ; o_DOUT[15]  ; 8.833  ; 8.833  ; 8.833  ; 8.833  ;
; i_DINa[6]  ; o_DOUT[6]   ; 4.649  ; 4.649  ; 4.649  ; 4.649  ;
; i_DINa[6]  ; o_DOUT[7]   ; 6.354  ; 6.354  ; 6.354  ; 6.354  ;
; i_DINa[6]  ; o_DOUT[8]   ; 6.337  ; 6.337  ; 6.337  ; 6.337  ;
; i_DINa[6]  ; o_DOUT[9]   ; 6.724  ; 6.724  ; 6.724  ; 6.724  ;
; i_DINa[6]  ; o_DOUT[10]  ; 7.293  ; 7.293  ; 7.293  ; 7.293  ;
; i_DINa[6]  ; o_DOUT[11]  ; 7.523  ; 7.523  ; 7.523  ; 7.523  ;
; i_DINa[6]  ; o_DOUT[12]  ; 7.904  ; 7.904  ; 7.904  ; 7.904  ;
; i_DINa[6]  ; o_DOUT[13]  ; 8.201  ; 8.201  ; 8.201  ; 8.201  ;
; i_DINa[6]  ; o_DOUT[14]  ; 8.397  ; 8.397  ; 8.397  ; 8.397  ;
; i_DINa[6]  ; o_DOUT[15]  ; 8.404  ; 8.404  ; 8.404  ; 8.404  ;
; i_DINa[7]  ; o_DOUT[7]   ; 6.526  ; 6.526  ; 6.526  ; 6.526  ;
; i_DINa[7]  ; o_DOUT[8]   ; 6.509  ; 6.509  ; 6.509  ; 6.509  ;
; i_DINa[7]  ; o_DOUT[9]   ; 6.896  ; 6.896  ; 6.896  ; 6.896  ;
; i_DINa[7]  ; o_DOUT[10]  ; 7.465  ; 7.465  ; 7.465  ; 7.465  ;
; i_DINa[7]  ; o_DOUT[11]  ; 7.695  ; 7.695  ; 7.695  ; 7.695  ;
; i_DINa[7]  ; o_DOUT[12]  ; 8.076  ; 8.076  ; 8.076  ; 8.076  ;
; i_DINa[7]  ; o_DOUT[13]  ; 8.373  ; 8.373  ; 8.373  ; 8.373  ;
; i_DINa[7]  ; o_DOUT[14]  ; 8.569  ; 8.569  ; 8.569  ; 8.569  ;
; i_DINa[7]  ; o_DOUT[15]  ; 8.576  ; 8.576  ; 8.576  ; 8.576  ;
; i_DINb[0]  ; o_DOUT[0]   ; 4.438  ;        ;        ; 4.438  ;
; i_DINb[0]  ; o_DOUT[1]   ; 4.144  ; 4.144  ; 4.144  ; 4.144  ;
; i_DINb[0]  ; o_DOUT[2]   ; 4.736  ; 4.736  ; 4.736  ; 4.736  ;
; i_DINb[0]  ; o_DOUT[3]   ; 5.204  ; 5.204  ; 5.204  ; 5.204  ;
; i_DINb[0]  ; o_DOUT[4]   ; 5.881  ; 5.881  ; 5.881  ; 5.881  ;
; i_DINb[0]  ; o_DOUT[5]   ; 6.894  ; 6.894  ; 6.894  ; 6.894  ;
; i_DINb[0]  ; o_DOUT[6]   ; 7.073  ; 7.073  ; 7.073  ; 7.073  ;
; i_DINb[0]  ; o_DOUT[7]   ; 8.181  ; 8.181  ; 8.181  ; 8.181  ;
; i_DINb[0]  ; o_DOUT[8]   ; 8.111  ; 8.111  ; 8.111  ; 8.111  ;
; i_DINb[0]  ; o_DOUT[9]   ; 8.395  ; 8.395  ; 8.395  ; 8.395  ;
; i_DINb[0]  ; o_DOUT[10]  ; 8.944  ; 8.944  ; 8.944  ; 8.944  ;
; i_DINb[0]  ; o_DOUT[11]  ; 9.174  ; 9.174  ; 9.174  ; 9.174  ;
; i_DINb[0]  ; o_DOUT[12]  ; 9.555  ; 9.555  ; 9.555  ; 9.555  ;
; i_DINb[0]  ; o_DOUT[13]  ; 9.852  ; 9.852  ; 9.852  ; 9.852  ;
; i_DINb[0]  ; o_DOUT[14]  ; 10.048 ; 10.048 ; 10.048 ; 10.048 ;
; i_DINb[0]  ; o_DOUT[15]  ; 10.055 ; 10.055 ; 10.055 ; 10.055 ;
; i_DINb[1]  ; o_DOUT[1]   ; 4.261  ; 4.261  ; 4.261  ; 4.261  ;
; i_DINb[1]  ; o_DOUT[2]   ; 5.035  ; 5.035  ; 5.035  ; 5.035  ;
; i_DINb[1]  ; o_DOUT[3]   ; 5.165  ; 5.165  ; 5.165  ; 5.165  ;
; i_DINb[1]  ; o_DOUT[4]   ; 5.839  ; 5.839  ; 5.839  ; 5.839  ;
; i_DINb[1]  ; o_DOUT[5]   ; 6.835  ; 6.835  ; 6.835  ; 6.835  ;
; i_DINb[1]  ; o_DOUT[6]   ; 7.014  ; 7.014  ; 7.014  ; 7.014  ;
; i_DINb[1]  ; o_DOUT[7]   ; 8.122  ; 8.122  ; 8.122  ; 8.122  ;
; i_DINb[1]  ; o_DOUT[8]   ; 8.052  ; 8.052  ; 8.052  ; 8.052  ;
; i_DINb[1]  ; o_DOUT[9]   ; 8.336  ; 8.336  ; 8.336  ; 8.336  ;
; i_DINb[1]  ; o_DOUT[10]  ; 8.893  ; 8.893  ; 8.893  ; 8.893  ;
; i_DINb[1]  ; o_DOUT[11]  ; 9.123  ; 9.123  ; 9.123  ; 9.123  ;
; i_DINb[1]  ; o_DOUT[12]  ; 9.504  ; 9.504  ; 9.504  ; 9.504  ;
; i_DINb[1]  ; o_DOUT[13]  ; 9.801  ; 9.801  ; 9.801  ; 9.801  ;
; i_DINb[1]  ; o_DOUT[14]  ; 9.997  ; 9.997  ; 9.997  ; 9.997  ;
; i_DINb[1]  ; o_DOUT[15]  ; 10.004 ; 10.004 ; 10.004 ; 10.004 ;
; i_DINb[2]  ; o_DOUT[2]   ; 4.324  ; 4.324  ; 4.324  ; 4.324  ;
; i_DINb[2]  ; o_DOUT[3]   ; 4.885  ; 4.885  ; 4.885  ; 4.885  ;
; i_DINb[2]  ; o_DOUT[4]   ; 5.567  ; 5.567  ; 5.567  ; 5.567  ;
; i_DINb[2]  ; o_DOUT[5]   ; 6.523  ; 6.523  ; 6.523  ; 6.523  ;
; i_DINb[2]  ; o_DOUT[6]   ; 6.702  ; 6.702  ; 6.702  ; 6.702  ;
; i_DINb[2]  ; o_DOUT[7]   ; 7.810  ; 7.810  ; 7.810  ; 7.810  ;
; i_DINb[2]  ; o_DOUT[8]   ; 7.740  ; 7.740  ; 7.740  ; 7.740  ;
; i_DINb[2]  ; o_DOUT[9]   ; 8.052  ; 8.052  ; 8.052  ; 8.052  ;
; i_DINb[2]  ; o_DOUT[10]  ; 8.621  ; 8.621  ; 8.621  ; 8.621  ;
; i_DINb[2]  ; o_DOUT[11]  ; 8.851  ; 8.851  ; 8.851  ; 8.851  ;
; i_DINb[2]  ; o_DOUT[12]  ; 9.232  ; 9.232  ; 9.232  ; 9.232  ;
; i_DINb[2]  ; o_DOUT[13]  ; 9.529  ; 9.529  ; 9.529  ; 9.529  ;
; i_DINb[2]  ; o_DOUT[14]  ; 9.725  ; 9.725  ; 9.725  ; 9.725  ;
; i_DINb[2]  ; o_DOUT[15]  ; 9.732  ; 9.732  ; 9.732  ; 9.732  ;
; i_DINb[3]  ; o_DOUT[3]   ; 6.718  ; 6.718  ; 6.718  ; 6.718  ;
; i_DINb[3]  ; o_DOUT[4]   ; 7.566  ; 7.566  ; 7.566  ; 7.566  ;
; i_DINb[3]  ; o_DOUT[5]   ; 8.516  ; 8.516  ; 8.516  ; 8.516  ;
; i_DINb[3]  ; o_DOUT[6]   ; 8.695  ; 8.695  ; 8.695  ; 8.695  ;
; i_DINb[3]  ; o_DOUT[7]   ; 9.803  ; 9.803  ; 9.803  ; 9.803  ;
; i_DINb[3]  ; o_DOUT[8]   ; 9.733  ; 9.733  ; 9.733  ; 9.733  ;
; i_DINb[3]  ; o_DOUT[9]   ; 10.017 ; 10.017 ; 10.017 ; 10.017 ;
; i_DINb[3]  ; o_DOUT[10]  ; 10.455 ; 10.455 ; 10.455 ; 10.455 ;
; i_DINb[3]  ; o_DOUT[11]  ; 10.685 ; 10.685 ; 10.685 ; 10.685 ;
; i_DINb[3]  ; o_DOUT[12]  ; 11.066 ; 11.066 ; 11.066 ; 11.066 ;
; i_DINb[3]  ; o_DOUT[13]  ; 11.363 ; 11.363 ; 11.363 ; 11.363 ;
; i_DINb[3]  ; o_DOUT[14]  ; 11.559 ; 11.559 ; 11.559 ; 11.559 ;
; i_DINb[3]  ; o_DOUT[15]  ; 11.566 ; 11.566 ; 11.566 ; 11.566 ;
; i_DINb[4]  ; o_DOUT[4]   ; 6.770  ; 6.770  ; 6.770  ; 6.770  ;
; i_DINb[4]  ; o_DOUT[5]   ; 7.981  ; 7.981  ; 7.981  ; 7.981  ;
; i_DINb[4]  ; o_DOUT[6]   ; 8.160  ; 8.160  ; 8.160  ; 8.160  ;
; i_DINb[4]  ; o_DOUT[7]   ; 9.268  ; 9.268  ; 9.268  ; 9.268  ;
; i_DINb[4]  ; o_DOUT[8]   ; 9.198  ; 9.198  ; 9.198  ; 9.198  ;
; i_DINb[4]  ; o_DOUT[9]   ; 9.482  ; 9.482  ; 9.482  ; 9.482  ;
; i_DINb[4]  ; o_DOUT[10]  ; 9.775  ; 9.775  ; 9.775  ; 9.775  ;
; i_DINb[4]  ; o_DOUT[11]  ; 10.003 ; 10.003 ; 10.003 ; 10.003 ;
; i_DINb[4]  ; o_DOUT[12]  ; 10.386 ; 10.386 ; 10.386 ; 10.386 ;
; i_DINb[4]  ; o_DOUT[13]  ; 10.683 ; 10.683 ; 10.683 ; 10.683 ;
; i_DINb[4]  ; o_DOUT[14]  ; 10.879 ; 10.879 ; 10.879 ; 10.879 ;
; i_DINb[4]  ; o_DOUT[15]  ; 10.886 ; 10.886 ; 10.886 ; 10.886 ;
; i_DINb[5]  ; o_DOUT[5]   ; 6.678  ; 6.678  ; 6.678  ; 6.678  ;
; i_DINb[5]  ; o_DOUT[6]   ; 7.500  ; 7.500  ; 7.500  ; 7.500  ;
; i_DINb[5]  ; o_DOUT[7]   ; 8.611  ; 8.611  ; 8.611  ; 8.611  ;
; i_DINb[5]  ; o_DOUT[8]   ; 8.541  ; 8.541  ; 8.541  ; 8.541  ;
; i_DINb[5]  ; o_DOUT[9]   ; 8.825  ; 8.825  ; 8.825  ; 8.825  ;
; i_DINb[5]  ; o_DOUT[10]  ; 9.118  ; 9.118  ; 9.118  ; 9.118  ;
; i_DINb[5]  ; o_DOUT[11]  ; 9.346  ; 9.346  ; 9.346  ; 9.346  ;
; i_DINb[5]  ; o_DOUT[12]  ; 9.729  ; 9.729  ; 9.729  ; 9.729  ;
; i_DINb[5]  ; o_DOUT[13]  ; 10.026 ; 10.026 ; 10.026 ; 10.026 ;
; i_DINb[5]  ; o_DOUT[14]  ; 10.222 ; 10.222 ; 10.222 ; 10.222 ;
; i_DINb[5]  ; o_DOUT[15]  ; 10.229 ; 10.229 ; 10.229 ; 10.229 ;
; i_DINb[6]  ; o_DOUT[6]   ; 6.415  ; 6.415  ; 6.415  ; 6.415  ;
; i_DINb[6]  ; o_DOUT[7]   ; 7.283  ; 7.283  ; 7.283  ; 7.283  ;
; i_DINb[6]  ; o_DOUT[8]   ; 7.108  ; 7.108  ; 7.108  ; 7.108  ;
; i_DINb[6]  ; o_DOUT[9]   ; 7.392  ; 7.392  ; 7.392  ; 7.392  ;
; i_DINb[6]  ; o_DOUT[10]  ; 7.685  ; 7.685  ; 7.685  ; 7.685  ;
; i_DINb[6]  ; o_DOUT[11]  ; 7.913  ; 7.913  ; 7.913  ; 7.913  ;
; i_DINb[6]  ; o_DOUT[12]  ; 8.296  ; 8.296  ; 8.296  ; 8.296  ;
; i_DINb[6]  ; o_DOUT[13]  ; 8.593  ; 8.593  ; 8.593  ; 8.593  ;
; i_DINb[6]  ; o_DOUT[14]  ; 8.789  ; 8.789  ; 8.789  ; 8.789  ;
; i_DINb[6]  ; o_DOUT[15]  ; 8.796  ; 8.796  ; 8.796  ; 8.796  ;
; i_DINb[7]  ; o_DOUT[7]   ; 6.692  ; 6.692  ; 6.692  ; 6.692  ;
; i_DINb[7]  ; o_DOUT[8]   ; 6.449  ; 6.449  ; 6.449  ; 6.449  ;
; i_DINb[7]  ; o_DOUT[9]   ; 6.730  ; 6.730  ; 6.730  ; 6.730  ;
; i_DINb[7]  ; o_DOUT[10]  ; 7.023  ; 7.023  ; 7.023  ; 7.023  ;
; i_DINb[7]  ; o_DOUT[11]  ; 7.251  ; 7.251  ; 7.251  ; 7.251  ;
; i_DINb[7]  ; o_DOUT[12]  ; 7.634  ; 7.634  ; 7.634  ; 7.634  ;
; i_DINb[7]  ; o_DOUT[13]  ; 7.931  ; 7.931  ; 7.931  ; 7.931  ;
; i_DINb[7]  ; o_DOUT[14]  ; 8.127  ; 8.127  ; 8.127  ; 8.127  ;
; i_DINb[7]  ; o_DOUT[15]  ; 8.134  ;        ;        ; 8.134  ;
+------------+-------------+--------+--------+--------+--------+


+----------------------------------------------------------+
; Minimum Propagation Delay                                ;
+------------+-------------+-------+-------+-------+-------+
; Input Port ; Output Port ; RR    ; RF    ; FR    ; FF    ;
+------------+-------------+-------+-------+-------+-------+
; i_DINa[0]  ; o_DOUT[0]   ; 4.404 ;       ;       ; 4.404 ;
; i_DINa[0]  ; o_DOUT[1]   ; 4.256 ; 4.256 ; 4.256 ; 4.256 ;
; i_DINa[0]  ; o_DOUT[2]   ; 4.386 ; 4.386 ; 4.386 ; 4.386 ;
; i_DINa[0]  ; o_DOUT[3]   ; 4.108 ; 4.108 ; 4.108 ; 4.108 ;
; i_DINa[0]  ; o_DOUT[4]   ; 4.208 ; 4.208 ; 4.208 ; 4.208 ;
; i_DINa[0]  ; o_DOUT[5]   ; 4.407 ; 4.407 ; 4.407 ; 4.407 ;
; i_DINa[0]  ; o_DOUT[6]   ; 4.034 ; 4.034 ; 4.034 ; 4.034 ;
; i_DINa[0]  ; o_DOUT[7]   ; 4.295 ; 4.295 ; 4.295 ; 4.295 ;
; i_DINa[0]  ; o_DOUT[8]   ; 3.906 ; 3.906 ; 3.906 ; 3.906 ;
; i_DINa[0]  ; o_DOUT[9]   ; 4.185 ; 4.185 ; 4.185 ; 4.185 ;
; i_DINa[0]  ; o_DOUT[10]  ; 4.478 ; 4.478 ; 4.478 ; 4.478 ;
; i_DINa[0]  ; o_DOUT[11]  ; 4.706 ; 4.706 ; 4.706 ; 4.706 ;
; i_DINa[0]  ; o_DOUT[12]  ; 5.089 ; 5.089 ; 5.089 ; 5.089 ;
; i_DINa[0]  ; o_DOUT[13]  ; 5.386 ; 5.386 ; 5.386 ; 5.386 ;
; i_DINa[0]  ; o_DOUT[14]  ; 5.582 ; 5.582 ; 5.582 ; 5.582 ;
; i_DINa[0]  ; o_DOUT[15]  ; 5.589 ; 5.948 ; 5.948 ; 5.589 ;
; i_DINa[1]  ; o_DOUT[1]   ; 4.208 ; 4.208 ; 4.208 ; 4.208 ;
; i_DINa[1]  ; o_DOUT[2]   ; 5.025 ; 5.025 ; 5.025 ; 5.025 ;
; i_DINa[1]  ; o_DOUT[3]   ; 4.971 ; 4.971 ; 4.971 ; 4.971 ;
; i_DINa[1]  ; o_DOUT[4]   ; 5.008 ; 5.008 ; 5.008 ; 5.008 ;
; i_DINa[1]  ; o_DOUT[5]   ; 5.141 ; 5.141 ; 5.141 ; 5.141 ;
; i_DINa[1]  ; o_DOUT[6]   ; 4.918 ; 4.918 ; 4.918 ; 4.918 ;
; i_DINa[1]  ; o_DOUT[7]   ; 4.716 ; 4.716 ; 4.716 ; 4.716 ;
; i_DINa[1]  ; o_DOUT[8]   ; 3.979 ; 3.979 ; 3.979 ; 3.979 ;
; i_DINa[1]  ; o_DOUT[9]   ; 4.260 ; 4.260 ; 4.260 ; 4.260 ;
; i_DINa[1]  ; o_DOUT[10]  ; 4.553 ; 4.553 ; 4.553 ; 4.553 ;
; i_DINa[1]  ; o_DOUT[11]  ; 4.781 ; 4.781 ; 4.781 ; 4.781 ;
; i_DINa[1]  ; o_DOUT[12]  ; 5.164 ; 5.164 ; 5.164 ; 5.164 ;
; i_DINa[1]  ; o_DOUT[13]  ; 5.461 ; 5.461 ; 5.461 ; 5.461 ;
; i_DINa[1]  ; o_DOUT[14]  ; 5.621 ; 5.621 ; 5.621 ; 5.621 ;
; i_DINa[1]  ; o_DOUT[15]  ; 5.626 ; 5.767 ; 5.767 ; 5.626 ;
; i_DINa[2]  ; o_DOUT[2]   ; 4.700 ; 4.700 ; 4.700 ; 4.700 ;
; i_DINa[2]  ; o_DOUT[3]   ; 4.830 ; 4.830 ; 4.830 ; 4.830 ;
; i_DINa[2]  ; o_DOUT[4]   ; 5.246 ; 5.246 ; 5.246 ; 5.246 ;
; i_DINa[2]  ; o_DOUT[5]   ; 5.476 ; 5.476 ; 5.476 ; 5.476 ;
; i_DINa[2]  ; o_DOUT[6]   ; 4.941 ; 4.941 ; 4.941 ; 4.941 ;
; i_DINa[2]  ; o_DOUT[7]   ; 5.102 ; 5.102 ; 5.102 ; 5.102 ;
; i_DINa[2]  ; o_DOUT[8]   ; 4.473 ; 4.473 ; 4.473 ; 4.473 ;
; i_DINa[2]  ; o_DOUT[9]   ; 4.222 ; 4.222 ; 4.222 ; 4.222 ;
; i_DINa[2]  ; o_DOUT[10]  ; 4.514 ; 4.514 ; 4.514 ; 4.514 ;
; i_DINa[2]  ; o_DOUT[11]  ; 4.742 ; 4.742 ; 4.742 ; 4.742 ;
; i_DINa[2]  ; o_DOUT[12]  ; 5.125 ; 5.125 ; 5.125 ; 5.125 ;
; i_DINa[2]  ; o_DOUT[13]  ; 5.422 ; 5.422 ; 5.422 ; 5.422 ;
; i_DINa[2]  ; o_DOUT[14]  ; 5.618 ; 5.618 ; 5.618 ; 5.618 ;
; i_DINa[2]  ; o_DOUT[15]  ; 5.625 ; 6.011 ; 6.011 ; 5.625 ;
; i_DINa[3]  ; o_DOUT[3]   ; 4.499 ; 4.499 ; 4.499 ; 4.499 ;
; i_DINa[3]  ; o_DOUT[4]   ; 4.672 ; 4.672 ; 4.672 ; 4.672 ;
; i_DINa[3]  ; o_DOUT[5]   ; 5.025 ; 5.025 ; 5.025 ; 5.025 ;
; i_DINa[3]  ; o_DOUT[6]   ; 4.204 ; 4.204 ; 4.204 ; 4.204 ;
; i_DINa[3]  ; o_DOUT[7]   ; 4.556 ; 4.556 ; 4.556 ; 4.556 ;
; i_DINa[3]  ; o_DOUT[8]   ; 3.527 ; 3.527 ; 3.527 ; 3.527 ;
; i_DINa[3]  ; o_DOUT[9]   ; 3.187 ; 3.187 ; 3.187 ; 3.187 ;
; i_DINa[3]  ; o_DOUT[10]  ; 3.479 ; 3.479 ; 3.479 ; 3.479 ;
; i_DINa[3]  ; o_DOUT[11]  ; 3.707 ; 3.707 ; 3.707 ; 3.707 ;
; i_DINa[3]  ; o_DOUT[12]  ; 4.090 ; 4.090 ; 4.090 ; 4.090 ;
; i_DINa[3]  ; o_DOUT[13]  ; 4.387 ; 4.387 ; 4.387 ; 4.387 ;
; i_DINa[3]  ; o_DOUT[14]  ; 4.478 ; 4.478 ; 4.478 ; 4.478 ;
; i_DINa[3]  ; o_DOUT[15]  ; 4.483 ; 4.590 ; 4.590 ; 4.483 ;
; i_DINa[4]  ; o_DOUT[4]   ; 4.629 ; 4.629 ; 4.629 ; 4.629 ;
; i_DINa[4]  ; o_DOUT[5]   ; 4.809 ; 4.809 ; 4.809 ; 4.809 ;
; i_DINa[4]  ; o_DOUT[6]   ; 4.198 ; 4.198 ; 4.198 ; 4.198 ;
; i_DINa[4]  ; o_DOUT[7]   ; 4.831 ; 4.831 ; 4.831 ; 4.831 ;
; i_DINa[4]  ; o_DOUT[8]   ; 4.005 ; 4.005 ; 4.005 ; 4.005 ;
; i_DINa[4]  ; o_DOUT[9]   ; 3.325 ; 3.325 ; 3.325 ; 3.325 ;
; i_DINa[4]  ; o_DOUT[10]  ; 3.058 ; 3.058 ; 3.058 ; 3.058 ;
; i_DINa[4]  ; o_DOUT[11]  ; 3.185 ; 3.185 ; 3.185 ; 3.185 ;
; i_DINa[4]  ; o_DOUT[12]  ; 3.568 ; 3.568 ; 3.568 ; 3.568 ;
; i_DINa[4]  ; o_DOUT[13]  ; 3.865 ; 3.865 ; 3.865 ; 3.865 ;
; i_DINa[4]  ; o_DOUT[14]  ; 4.061 ; 4.061 ; 4.061 ; 4.061 ;
; i_DINa[4]  ; o_DOUT[15]  ; 4.068 ; 4.169 ; 4.169 ; 4.068 ;
; i_DINa[5]  ; o_DOUT[5]   ; 5.500 ; 5.500 ; 5.500 ; 5.500 ;
; i_DINa[5]  ; o_DOUT[6]   ; 4.746 ; 4.746 ; 4.746 ; 4.746 ;
; i_DINa[5]  ; o_DOUT[7]   ; 5.132 ; 5.132 ; 5.132 ; 5.132 ;
; i_DINa[5]  ; o_DOUT[8]   ; 4.274 ; 4.274 ; 4.274 ; 4.274 ;
; i_DINa[5]  ; o_DOUT[9]   ; 4.141 ; 4.141 ; 4.141 ; 4.141 ;
; i_DINa[5]  ; o_DOUT[10]  ; 3.440 ; 3.440 ; 3.440 ; 3.440 ;
; i_DINa[5]  ; o_DOUT[11]  ; 3.047 ; 3.047 ; 3.047 ; 3.047 ;
; i_DINa[5]  ; o_DOUT[12]  ; 3.382 ; 3.382 ; 3.382 ; 3.382 ;
; i_DINa[5]  ; o_DOUT[13]  ; 3.680 ; 3.680 ; 3.680 ; 3.680 ;
; i_DINa[5]  ; o_DOUT[14]  ; 3.876 ; 3.876 ; 3.876 ; 3.876 ;
; i_DINa[5]  ; o_DOUT[15]  ; 3.883 ; 3.930 ; 3.930 ; 3.883 ;
; i_DINa[6]  ; o_DOUT[6]   ; 4.649 ; 4.649 ; 4.649 ; 4.649 ;
; i_DINa[6]  ; o_DOUT[7]   ; 5.282 ; 5.282 ; 5.282 ; 5.282 ;
; i_DINa[6]  ; o_DOUT[8]   ; 4.653 ; 4.653 ; 4.653 ; 4.653 ;
; i_DINa[6]  ; o_DOUT[9]   ; 4.360 ; 4.360 ; 4.360 ; 4.360 ;
; i_DINa[6]  ; o_DOUT[10]  ; 3.800 ; 3.800 ; 3.800 ; 3.800 ;
; i_DINa[6]  ; o_DOUT[11]  ; 3.523 ; 3.523 ; 3.523 ; 3.523 ;
; i_DINa[6]  ; o_DOUT[12]  ; 3.219 ; 3.219 ; 3.219 ; 3.219 ;
; i_DINa[6]  ; o_DOUT[13]  ; 3.171 ; 3.171 ; 3.171 ; 3.171 ;
; i_DINa[6]  ; o_DOUT[14]  ; 3.357 ; 3.357 ; 3.357 ; 3.357 ;
; i_DINa[6]  ; o_DOUT[15]  ; 3.364 ; 3.721 ; 3.721 ; 3.364 ;
; i_DINa[7]  ; o_DOUT[7]   ; 6.526 ; 6.526 ; 6.526 ; 6.526 ;
; i_DINa[7]  ; o_DOUT[8]   ; 5.550 ; 5.550 ; 5.550 ; 5.550 ;
; i_DINa[7]  ; o_DOUT[9]   ; 5.078 ; 5.078 ; 5.078 ; 5.078 ;
; i_DINa[7]  ; o_DOUT[10]  ; 5.096 ; 5.096 ; 5.096 ; 5.096 ;
; i_DINa[7]  ; o_DOUT[11]  ; 4.469 ; 4.469 ; 4.469 ; 4.469 ;
; i_DINa[7]  ; o_DOUT[12]  ; 4.138 ; 4.138 ; 4.138 ; 4.138 ;
; i_DINa[7]  ; o_DOUT[13]  ; 3.973 ; 3.973 ; 3.973 ; 3.973 ;
; i_DINa[7]  ; o_DOUT[14]  ; 3.641 ; 3.641 ; 3.641 ; 3.641 ;
; i_DINa[7]  ; o_DOUT[15]  ; 3.645 ; 4.164 ; 4.164 ; 3.645 ;
; i_DINb[0]  ; o_DOUT[0]   ; 4.438 ;       ;       ; 4.438 ;
; i_DINb[0]  ; o_DOUT[1]   ; 4.144 ; 4.144 ; 4.144 ; 4.144 ;
; i_DINb[0]  ; o_DOUT[2]   ; 4.736 ; 4.736 ; 4.736 ; 4.736 ;
; i_DINb[0]  ; o_DOUT[3]   ; 4.866 ; 4.866 ; 4.866 ; 4.866 ;
; i_DINb[0]  ; o_DOUT[4]   ; 5.245 ; 5.245 ; 5.245 ; 5.245 ;
; i_DINb[0]  ; o_DOUT[5]   ; 5.810 ; 5.810 ; 5.810 ; 5.810 ;
; i_DINb[0]  ; o_DOUT[6]   ; 5.379 ; 5.379 ; 5.379 ; 5.379 ;
; i_DINb[0]  ; o_DOUT[7]   ; 6.012 ; 6.012 ; 6.012 ; 6.012 ;
; i_DINb[0]  ; o_DOUT[8]   ; 5.383 ; 5.383 ; 5.383 ; 5.383 ;
; i_DINb[0]  ; o_DOUT[9]   ; 5.659 ; 5.659 ; 5.659 ; 5.659 ;
; i_DINb[0]  ; o_DOUT[10]  ; 5.952 ; 5.952 ; 5.952 ; 5.952 ;
; i_DINb[0]  ; o_DOUT[11]  ; 6.117 ; 6.117 ; 6.117 ; 6.117 ;
; i_DINb[0]  ; o_DOUT[12]  ; 6.268 ; 6.268 ; 6.268 ; 6.268 ;
; i_DINb[0]  ; o_DOUT[13]  ; 6.106 ; 6.106 ; 6.106 ; 6.106 ;
; i_DINb[0]  ; o_DOUT[14]  ; 6.208 ; 6.208 ; 6.208 ; 6.208 ;
; i_DINb[0]  ; o_DOUT[15]  ; 6.213 ; 6.298 ; 6.298 ; 6.213 ;
; i_DINb[1]  ; o_DOUT[1]   ; 4.261 ; 4.261 ; 4.261 ; 4.261 ;
; i_DINb[1]  ; o_DOUT[2]   ; 5.035 ; 5.035 ; 5.035 ; 5.035 ;
; i_DINb[1]  ; o_DOUT[3]   ; 4.969 ; 4.969 ; 4.969 ; 4.969 ;
; i_DINb[1]  ; o_DOUT[4]   ; 5.152 ; 5.152 ; 5.152 ; 5.152 ;
; i_DINb[1]  ; o_DOUT[5]   ; 5.400 ; 5.400 ; 5.400 ; 5.400 ;
; i_DINb[1]  ; o_DOUT[6]   ; 4.979 ; 4.979 ; 4.979 ; 4.979 ;
; i_DINb[1]  ; o_DOUT[7]   ; 5.612 ; 5.612 ; 5.612 ; 5.612 ;
; i_DINb[1]  ; o_DOUT[8]   ; 4.983 ; 4.983 ; 4.983 ; 4.983 ;
; i_DINb[1]  ; o_DOUT[9]   ; 5.259 ; 5.259 ; 5.259 ; 5.259 ;
; i_DINb[1]  ; o_DOUT[10]  ; 5.552 ; 5.552 ; 5.552 ; 5.552 ;
; i_DINb[1]  ; o_DOUT[11]  ; 5.671 ; 5.671 ; 5.671 ; 5.671 ;
; i_DINb[1]  ; o_DOUT[12]  ; 5.822 ; 5.822 ; 5.822 ; 5.822 ;
; i_DINb[1]  ; o_DOUT[13]  ; 5.660 ; 5.660 ; 5.660 ; 5.660 ;
; i_DINb[1]  ; o_DOUT[14]  ; 5.762 ; 5.762 ; 5.762 ; 5.762 ;
; i_DINb[1]  ; o_DOUT[15]  ; 5.767 ; 5.852 ; 5.852 ; 5.767 ;
; i_DINb[2]  ; o_DOUT[2]   ; 4.324 ; 4.324 ; 4.324 ; 4.324 ;
; i_DINb[2]  ; o_DOUT[3]   ; 4.874 ; 4.874 ; 4.874 ; 4.874 ;
; i_DINb[2]  ; o_DOUT[4]   ; 5.290 ; 5.290 ; 5.290 ; 5.290 ;
; i_DINb[2]  ; o_DOUT[5]   ; 5.666 ; 5.666 ; 5.666 ; 5.666 ;
; i_DINb[2]  ; o_DOUT[6]   ; 4.984 ; 4.984 ; 4.984 ; 4.984 ;
; i_DINb[2]  ; o_DOUT[7]   ; 5.617 ; 5.617 ; 5.617 ; 5.617 ;
; i_DINb[2]  ; o_DOUT[8]   ; 4.988 ; 4.988 ; 4.988 ; 4.988 ;
; i_DINb[2]  ; o_DOUT[9]   ; 4.863 ; 4.863 ; 4.863 ; 4.863 ;
; i_DINb[2]  ; o_DOUT[10]  ; 5.155 ; 5.155 ; 5.155 ; 5.155 ;
; i_DINb[2]  ; o_DOUT[11]  ; 5.383 ; 5.383 ; 5.383 ; 5.383 ;
; i_DINb[2]  ; o_DOUT[12]  ; 5.566 ; 5.566 ; 5.566 ; 5.566 ;
; i_DINb[2]  ; o_DOUT[13]  ; 5.530 ; 5.530 ; 5.530 ; 5.530 ;
; i_DINb[2]  ; o_DOUT[14]  ; 5.632 ; 5.632 ; 5.632 ; 5.632 ;
; i_DINb[2]  ; o_DOUT[15]  ; 5.637 ; 5.637 ; 5.637 ; 5.637 ;
; i_DINb[3]  ; o_DOUT[3]   ; 6.718 ; 6.718 ; 6.718 ; 6.718 ;
; i_DINb[3]  ; o_DOUT[4]   ; 7.555 ; 7.555 ; 7.555 ; 7.555 ;
; i_DINb[3]  ; o_DOUT[5]   ; 8.015 ; 8.015 ; 8.015 ; 8.015 ;
; i_DINb[3]  ; o_DOUT[6]   ; 7.329 ; 7.329 ; 7.329 ; 7.329 ;
; i_DINb[3]  ; o_DOUT[7]   ; 7.873 ; 7.873 ; 7.873 ; 7.873 ;
; i_DINb[3]  ; o_DOUT[8]   ; 6.978 ; 6.978 ; 6.978 ; 6.978 ;
; i_DINb[3]  ; o_DOUT[9]   ; 7.065 ; 7.065 ; 7.065 ; 7.065 ;
; i_DINb[3]  ; o_DOUT[10]  ; 7.357 ; 7.357 ; 7.357 ; 7.357 ;
; i_DINb[3]  ; o_DOUT[11]  ; 7.478 ; 7.478 ; 7.478 ; 7.478 ;
; i_DINb[3]  ; o_DOUT[12]  ; 7.629 ; 7.629 ; 7.629 ; 7.629 ;
; i_DINb[3]  ; o_DOUT[13]  ; 7.467 ; 7.467 ; 7.467 ; 7.467 ;
; i_DINb[3]  ; o_DOUT[14]  ; 7.569 ; 7.569 ; 7.569 ; 7.569 ;
; i_DINb[3]  ; o_DOUT[15]  ; 7.574 ; 7.659 ; 7.659 ; 7.574 ;
; i_DINb[4]  ; o_DOUT[4]   ; 6.770 ; 6.770 ; 6.770 ; 6.770 ;
; i_DINb[4]  ; o_DOUT[5]   ; 7.822 ; 7.822 ; 7.822 ; 7.822 ;
; i_DINb[4]  ; o_DOUT[6]   ; 7.657 ; 7.657 ; 7.657 ; 7.657 ;
; i_DINb[4]  ; o_DOUT[7]   ; 8.142 ; 8.142 ; 8.142 ; 8.142 ;
; i_DINb[4]  ; o_DOUT[8]   ; 6.964 ; 6.964 ; 6.964 ; 6.964 ;
; i_DINb[4]  ; o_DOUT[9]   ; 6.931 ; 6.931 ; 6.931 ; 6.931 ;
; i_DINb[4]  ; o_DOUT[10]  ; 6.941 ; 6.941 ; 6.941 ; 6.941 ;
; i_DINb[4]  ; o_DOUT[11]  ; 6.819 ; 6.819 ; 6.819 ; 6.819 ;
; i_DINb[4]  ; o_DOUT[12]  ; 6.970 ; 6.970 ; 6.970 ; 6.970 ;
; i_DINb[4]  ; o_DOUT[13]  ; 7.173 ; 7.173 ; 7.173 ; 7.173 ;
; i_DINb[4]  ; o_DOUT[14]  ; 7.160 ; 7.160 ; 7.160 ; 7.160 ;
; i_DINb[4]  ; o_DOUT[15]  ; 7.165 ; 7.165 ; 7.165 ; 7.165 ;
; i_DINb[5]  ; o_DOUT[5]   ; 6.678 ; 6.678 ; 6.678 ; 6.678 ;
; i_DINb[5]  ; o_DOUT[6]   ; 7.155 ; 7.155 ; 7.155 ; 7.155 ;
; i_DINb[5]  ; o_DOUT[7]   ; 7.450 ; 7.450 ; 7.450 ; 7.450 ;
; i_DINb[5]  ; o_DOUT[8]   ; 6.588 ; 6.588 ; 6.588 ; 6.588 ;
; i_DINb[5]  ; o_DOUT[9]   ; 6.435 ; 6.435 ; 6.435 ; 6.435 ;
; i_DINb[5]  ; o_DOUT[10]  ; 6.540 ; 6.540 ; 6.540 ; 6.540 ;
; i_DINb[5]  ; o_DOUT[11]  ; 6.644 ; 6.644 ; 6.644 ; 6.644 ;
; i_DINb[5]  ; o_DOUT[12]  ; 6.457 ; 6.457 ; 6.457 ; 6.457 ;
; i_DINb[5]  ; o_DOUT[13]  ; 6.664 ; 6.664 ; 6.664 ; 6.664 ;
; i_DINb[5]  ; o_DOUT[14]  ; 6.766 ; 6.766 ; 6.766 ; 6.766 ;
; i_DINb[5]  ; o_DOUT[15]  ; 6.771 ; 6.856 ; 6.856 ; 6.771 ;
; i_DINb[6]  ; o_DOUT[6]   ; 6.415 ; 6.415 ; 6.415 ; 6.415 ;
; i_DINb[6]  ; o_DOUT[7]   ; 7.205 ; 7.205 ; 7.205 ; 7.205 ;
; i_DINb[6]  ; o_DOUT[8]   ; 6.576 ; 6.576 ; 6.576 ; 6.576 ;
; i_DINb[6]  ; o_DOUT[9]   ; 6.477 ; 6.477 ; 6.477 ; 6.477 ;
; i_DINb[6]  ; o_DOUT[10]  ; 6.356 ; 6.356 ; 6.356 ; 6.356 ;
; i_DINb[6]  ; o_DOUT[11]  ; 6.362 ; 6.362 ; 6.362 ; 6.362 ;
; i_DINb[6]  ; o_DOUT[12]  ; 6.327 ; 6.327 ; 6.327 ; 6.327 ;
; i_DINb[6]  ; o_DOUT[13]  ; 6.334 ; 6.334 ; 6.334 ; 6.334 ;
; i_DINb[6]  ; o_DOUT[14]  ; 6.372 ; 6.372 ; 6.372 ; 6.372 ;
; i_DINb[6]  ; o_DOUT[15]  ; 6.377 ; 6.525 ; 6.525 ; 6.377 ;
; i_DINb[7]  ; o_DOUT[7]   ; 6.692 ; 6.692 ; 6.692 ; 6.692 ;
; i_DINb[7]  ; o_DOUT[8]   ; 6.329 ; 6.329 ; 6.329 ; 6.329 ;
; i_DINb[7]  ; o_DOUT[9]   ; 6.296 ; 6.296 ; 6.296 ; 6.296 ;
; i_DINb[7]  ; o_DOUT[10]  ; 6.579 ; 6.579 ; 6.579 ; 6.579 ;
; i_DINb[7]  ; o_DOUT[11]  ; 6.513 ; 6.513 ; 6.513 ; 6.513 ;
; i_DINb[7]  ; o_DOUT[12]  ; 6.736 ; 6.736 ; 6.736 ; 6.736 ;
; i_DINb[7]  ; o_DOUT[13]  ; 6.359 ; 6.359 ; 6.359 ; 6.359 ;
; i_DINb[7]  ; o_DOUT[14]  ; 6.048 ; 6.048 ; 6.048 ; 6.048 ;
; i_DINb[7]  ; o_DOUT[15]  ; 6.053 ;       ;       ; 6.053 ;
+------------+-------------+-------+-------+-------+-------+


+----------------------------------------------------------------------------+
; Multicorner Timing Analysis Summary                                        ;
+------------------+-------+------+----------+---------+---------------------+
; Clock            ; Setup ; Hold ; Recovery ; Removal ; Minimum Pulse Width ;
+------------------+-------+------+----------+---------+---------------------+
; Worst-case Slack ; N/A   ; N/A  ; N/A      ; N/A     ; N/A                 ;
; Design-wide TNS  ; 0.0   ; 0.0  ; 0.0      ; 0.0     ; 0.0                 ;
+------------------+-------+------+----------+---------+---------------------+


+--------------------------------------------------------------+
; Progagation Delay                                            ;
+------------+-------------+--------+--------+--------+--------+
; Input Port ; Output Port ; RR     ; RF     ; FR     ; FF     ;
+------------+-------------+--------+--------+--------+--------+
; i_DINa[0]  ; o_DOUT[0]   ; 8.547  ;        ;        ; 8.547  ;
; i_DINa[0]  ; o_DOUT[1]   ; 8.135  ; 8.135  ; 8.135  ; 8.135  ;
; i_DINa[0]  ; o_DOUT[2]   ; 9.207  ; 9.207  ; 9.207  ; 9.207  ;
; i_DINa[0]  ; o_DOUT[3]   ; 10.175 ; 10.175 ; 10.175 ; 10.175 ;
; i_DINa[0]  ; o_DOUT[4]   ; 11.756 ; 11.756 ; 11.756 ; 11.756 ;
; i_DINa[0]  ; o_DOUT[5]   ; 14.196 ; 14.196 ; 14.196 ; 14.196 ;
; i_DINa[0]  ; o_DOUT[6]   ; 14.571 ; 14.571 ; 14.571 ; 14.571 ;
; i_DINa[0]  ; o_DOUT[7]   ; 17.100 ; 17.100 ; 17.100 ; 17.100 ;
; i_DINa[0]  ; o_DOUT[8]   ; 17.089 ; 17.089 ; 17.089 ; 17.089 ;
; i_DINa[0]  ; o_DOUT[9]   ; 17.724 ; 17.724 ; 17.724 ; 17.724 ;
; i_DINa[0]  ; o_DOUT[10]  ; 18.940 ; 18.940 ; 18.940 ; 18.940 ;
; i_DINa[0]  ; o_DOUT[11]  ; 19.496 ; 19.496 ; 19.496 ; 19.496 ;
; i_DINa[0]  ; o_DOUT[12]  ; 20.353 ; 20.353 ; 20.353 ; 20.353 ;
; i_DINa[0]  ; o_DOUT[13]  ; 21.051 ; 21.051 ; 21.051 ; 21.051 ;
; i_DINa[0]  ; o_DOUT[14]  ; 21.510 ; 21.510 ; 21.510 ; 21.510 ;
; i_DINa[0]  ; o_DOUT[15]  ; 21.521 ; 21.521 ; 21.521 ; 21.521 ;
; i_DINa[1]  ; o_DOUT[1]   ; 8.041  ; 8.041  ; 8.041  ; 8.041  ;
; i_DINa[1]  ; o_DOUT[2]   ; 10.083 ; 10.083 ; 10.083 ; 10.083 ;
; i_DINa[1]  ; o_DOUT[3]   ; 10.499 ; 10.499 ; 10.499 ; 10.499 ;
; i_DINa[1]  ; o_DOUT[4]   ; 12.080 ; 12.080 ; 12.080 ; 12.080 ;
; i_DINa[1]  ; o_DOUT[5]   ; 14.520 ; 14.520 ; 14.520 ; 14.520 ;
; i_DINa[1]  ; o_DOUT[6]   ; 14.895 ; 14.895 ; 14.895 ; 14.895 ;
; i_DINa[1]  ; o_DOUT[7]   ; 17.424 ; 17.424 ; 17.424 ; 17.424 ;
; i_DINa[1]  ; o_DOUT[8]   ; 17.413 ; 17.413 ; 17.413 ; 17.413 ;
; i_DINa[1]  ; o_DOUT[9]   ; 18.048 ; 18.048 ; 18.048 ; 18.048 ;
; i_DINa[1]  ; o_DOUT[10]  ; 19.264 ; 19.264 ; 19.264 ; 19.264 ;
; i_DINa[1]  ; o_DOUT[11]  ; 19.820 ; 19.820 ; 19.820 ; 19.820 ;
; i_DINa[1]  ; o_DOUT[12]  ; 20.677 ; 20.677 ; 20.677 ; 20.677 ;
; i_DINa[1]  ; o_DOUT[13]  ; 21.375 ; 21.375 ; 21.375 ; 21.375 ;
; i_DINa[1]  ; o_DOUT[14]  ; 21.834 ; 21.834 ; 21.834 ; 21.834 ;
; i_DINa[1]  ; o_DOUT[15]  ; 21.845 ; 21.845 ; 21.845 ; 21.845 ;
; i_DINa[2]  ; o_DOUT[2]   ; 9.294  ; 9.294  ; 9.294  ; 9.294  ;
; i_DINa[2]  ; o_DOUT[3]   ; 10.014 ; 10.014 ; 10.014 ; 10.014 ;
; i_DINa[2]  ; o_DOUT[4]   ; 11.595 ; 11.595 ; 11.595 ; 11.595 ;
; i_DINa[2]  ; o_DOUT[5]   ; 14.035 ; 14.035 ; 14.035 ; 14.035 ;
; i_DINa[2]  ; o_DOUT[6]   ; 14.410 ; 14.410 ; 14.410 ; 14.410 ;
; i_DINa[2]  ; o_DOUT[7]   ; 16.939 ; 16.939 ; 16.939 ; 16.939 ;
; i_DINa[2]  ; o_DOUT[8]   ; 16.928 ; 16.928 ; 16.928 ; 16.928 ;
; i_DINa[2]  ; o_DOUT[9]   ; 17.563 ; 17.563 ; 17.563 ; 17.563 ;
; i_DINa[2]  ; o_DOUT[10]  ; 18.779 ; 18.779 ; 18.779 ; 18.779 ;
; i_DINa[2]  ; o_DOUT[11]  ; 19.335 ; 19.335 ; 19.335 ; 19.335 ;
; i_DINa[2]  ; o_DOUT[12]  ; 20.192 ; 20.192 ; 20.192 ; 20.192 ;
; i_DINa[2]  ; o_DOUT[13]  ; 20.890 ; 20.890 ; 20.890 ; 20.890 ;
; i_DINa[2]  ; o_DOUT[14]  ; 21.349 ; 21.349 ; 21.349 ; 21.349 ;
; i_DINa[2]  ; o_DOUT[15]  ; 21.360 ; 21.360 ; 21.360 ; 21.360 ;
; i_DINa[3]  ; o_DOUT[3]   ; 9.066  ; 9.066  ; 9.066  ; 9.066  ;
; i_DINa[3]  ; o_DOUT[4]   ; 10.647 ; 10.647 ; 10.647 ; 10.647 ;
; i_DINa[3]  ; o_DOUT[5]   ; 13.081 ; 13.081 ; 13.081 ; 13.081 ;
; i_DINa[3]  ; o_DOUT[6]   ; 13.456 ; 13.456 ; 13.456 ; 13.456 ;
; i_DINa[3]  ; o_DOUT[7]   ; 15.985 ; 15.985 ; 15.985 ; 15.985 ;
; i_DINa[3]  ; o_DOUT[8]   ; 15.974 ; 15.974 ; 15.974 ; 15.974 ;
; i_DINa[3]  ; o_DOUT[9]   ; 16.609 ; 16.609 ; 16.609 ; 16.609 ;
; i_DINa[3]  ; o_DOUT[10]  ; 17.831 ; 17.831 ; 17.831 ; 17.831 ;
; i_DINa[3]  ; o_DOUT[11]  ; 18.387 ; 18.387 ; 18.387 ; 18.387 ;
; i_DINa[3]  ; o_DOUT[12]  ; 19.244 ; 19.244 ; 19.244 ; 19.244 ;
; i_DINa[3]  ; o_DOUT[13]  ; 19.942 ; 19.942 ; 19.942 ; 19.942 ;
; i_DINa[3]  ; o_DOUT[14]  ; 20.401 ; 20.401 ; 20.401 ; 20.401 ;
; i_DINa[3]  ; o_DOUT[15]  ; 20.412 ; 20.412 ; 20.412 ; 20.412 ;
; i_DINa[4]  ; o_DOUT[4]   ; 9.343  ; 9.343  ; 9.343  ; 9.343  ;
; i_DINa[4]  ; o_DOUT[5]   ; 12.074 ; 12.074 ; 12.074 ; 12.074 ;
; i_DINa[4]  ; o_DOUT[6]   ; 12.449 ; 12.449 ; 12.449 ; 12.449 ;
; i_DINa[4]  ; o_DOUT[7]   ; 14.978 ; 14.978 ; 14.978 ; 14.978 ;
; i_DINa[4]  ; o_DOUT[8]   ; 14.967 ; 14.967 ; 14.967 ; 14.967 ;
; i_DINa[4]  ; o_DOUT[9]   ; 15.602 ; 15.602 ; 15.602 ; 15.602 ;
; i_DINa[4]  ; o_DOUT[10]  ; 16.813 ; 16.813 ; 16.813 ; 16.813 ;
; i_DINa[4]  ; o_DOUT[11]  ; 17.369 ; 17.369 ; 17.369 ; 17.369 ;
; i_DINa[4]  ; o_DOUT[12]  ; 18.226 ; 18.226 ; 18.226 ; 18.226 ;
; i_DINa[4]  ; o_DOUT[13]  ; 18.924 ; 18.924 ; 18.924 ; 18.924 ;
; i_DINa[4]  ; o_DOUT[14]  ; 19.383 ; 19.383 ; 19.383 ; 19.383 ;
; i_DINa[4]  ; o_DOUT[15]  ; 19.394 ; 19.394 ; 19.394 ; 19.394 ;
; i_DINa[5]  ; o_DOUT[5]   ; 11.377 ; 11.377 ; 11.377 ; 11.377 ;
; i_DINa[5]  ; o_DOUT[6]   ; 11.752 ; 11.752 ; 11.752 ; 11.752 ;
; i_DINa[5]  ; o_DOUT[7]   ; 14.305 ; 14.305 ; 14.305 ; 14.305 ;
; i_DINa[5]  ; o_DOUT[8]   ; 14.398 ; 14.398 ; 14.398 ; 14.398 ;
; i_DINa[5]  ; o_DOUT[9]   ; 15.266 ; 15.266 ; 15.266 ; 15.266 ;
; i_DINa[5]  ; o_DOUT[10]  ; 16.585 ; 16.585 ; 16.585 ; 16.585 ;
; i_DINa[5]  ; o_DOUT[11]  ; 17.141 ; 17.141 ; 17.141 ; 17.141 ;
; i_DINa[5]  ; o_DOUT[12]  ; 17.998 ; 17.998 ; 17.998 ; 17.998 ;
; i_DINa[5]  ; o_DOUT[13]  ; 18.696 ; 18.696 ; 18.696 ; 18.696 ;
; i_DINa[5]  ; o_DOUT[14]  ; 19.155 ; 19.155 ; 19.155 ; 19.155 ;
; i_DINa[5]  ; o_DOUT[15]  ; 19.166 ; 19.166 ; 19.166 ; 19.166 ;
; i_DINa[6]  ; o_DOUT[6]   ; 9.343  ; 9.343  ; 9.343  ; 9.343  ;
; i_DINa[6]  ; o_DOUT[7]   ; 13.281 ; 13.281 ; 13.281 ; 13.281 ;
; i_DINa[6]  ; o_DOUT[8]   ; 13.374 ; 13.374 ; 13.374 ; 13.374 ;
; i_DINa[6]  ; o_DOUT[9]   ; 14.242 ; 14.242 ; 14.242 ; 14.242 ;
; i_DINa[6]  ; o_DOUT[10]  ; 15.561 ; 15.561 ; 15.561 ; 15.561 ;
; i_DINa[6]  ; o_DOUT[11]  ; 16.117 ; 16.117 ; 16.117 ; 16.117 ;
; i_DINa[6]  ; o_DOUT[12]  ; 16.974 ; 16.974 ; 16.974 ; 16.974 ;
; i_DINa[6]  ; o_DOUT[13]  ; 17.672 ; 17.672 ; 17.672 ; 17.672 ;
; i_DINa[6]  ; o_DOUT[14]  ; 18.131 ; 18.131 ; 18.131 ; 18.131 ;
; i_DINa[6]  ; o_DOUT[15]  ; 18.142 ; 18.142 ; 18.142 ; 18.142 ;
; i_DINa[7]  ; o_DOUT[7]   ; 13.291 ; 13.291 ; 13.291 ; 13.291 ;
; i_DINa[7]  ; o_DOUT[8]   ; 13.384 ; 13.384 ; 13.384 ; 13.384 ;
; i_DINa[7]  ; o_DOUT[9]   ; 14.252 ; 14.252 ; 14.252 ; 14.252 ;
; i_DINa[7]  ; o_DOUT[10]  ; 15.571 ; 15.571 ; 15.571 ; 15.571 ;
; i_DINa[7]  ; o_DOUT[11]  ; 16.127 ; 16.127 ; 16.127 ; 16.127 ;
; i_DINa[7]  ; o_DOUT[12]  ; 16.984 ; 16.984 ; 16.984 ; 16.984 ;
; i_DINa[7]  ; o_DOUT[13]  ; 17.682 ; 17.682 ; 17.682 ; 17.682 ;
; i_DINa[7]  ; o_DOUT[14]  ; 18.141 ; 18.141 ; 18.141 ; 18.141 ;
; i_DINa[7]  ; o_DOUT[15]  ; 18.152 ; 18.152 ; 18.152 ; 18.152 ;
; i_DINb[0]  ; o_DOUT[0]   ; 8.584  ;        ;        ; 8.584  ;
; i_DINb[0]  ; o_DOUT[1]   ; 7.903  ; 7.903  ; 7.903  ; 7.903  ;
; i_DINb[0]  ; o_DOUT[2]   ; 9.377  ; 9.377  ; 9.377  ; 9.377  ;
; i_DINb[0]  ; o_DOUT[3]   ; 10.354 ; 10.354 ; 10.354 ; 10.354 ;
; i_DINb[0]  ; o_DOUT[4]   ; 11.935 ; 11.935 ; 11.935 ; 11.935 ;
; i_DINb[0]  ; o_DOUT[5]   ; 14.375 ; 14.375 ; 14.375 ; 14.375 ;
; i_DINb[0]  ; o_DOUT[6]   ; 14.750 ; 14.750 ; 14.750 ; 14.750 ;
; i_DINb[0]  ; o_DOUT[7]   ; 17.279 ; 17.279 ; 17.279 ; 17.279 ;
; i_DINb[0]  ; o_DOUT[8]   ; 17.268 ; 17.268 ; 17.268 ; 17.268 ;
; i_DINb[0]  ; o_DOUT[9]   ; 17.903 ; 17.903 ; 17.903 ; 17.903 ;
; i_DINb[0]  ; o_DOUT[10]  ; 19.119 ; 19.119 ; 19.119 ; 19.119 ;
; i_DINb[0]  ; o_DOUT[11]  ; 19.675 ; 19.675 ; 19.675 ; 19.675 ;
; i_DINb[0]  ; o_DOUT[12]  ; 20.532 ; 20.532 ; 20.532 ; 20.532 ;
; i_DINb[0]  ; o_DOUT[13]  ; 21.230 ; 21.230 ; 21.230 ; 21.230 ;
; i_DINb[0]  ; o_DOUT[14]  ; 21.689 ; 21.689 ; 21.689 ; 21.689 ;
; i_DINb[0]  ; o_DOUT[15]  ; 21.700 ; 21.700 ; 21.700 ; 21.700 ;
; i_DINb[1]  ; o_DOUT[1]   ; 8.211  ; 8.211  ; 8.211  ; 8.211  ;
; i_DINb[1]  ; o_DOUT[2]   ; 10.086 ; 10.086 ; 10.086 ; 10.086 ;
; i_DINb[1]  ; o_DOUT[3]   ; 10.281 ; 10.281 ; 10.281 ; 10.281 ;
; i_DINb[1]  ; o_DOUT[4]   ; 11.859 ; 11.859 ; 11.859 ; 11.859 ;
; i_DINb[1]  ; o_DOUT[5]   ; 14.274 ; 14.274 ; 14.274 ; 14.274 ;
; i_DINb[1]  ; o_DOUT[6]   ; 14.649 ; 14.649 ; 14.649 ; 14.649 ;
; i_DINb[1]  ; o_DOUT[7]   ; 17.178 ; 17.178 ; 17.178 ; 17.178 ;
; i_DINb[1]  ; o_DOUT[8]   ; 17.167 ; 17.167 ; 17.167 ; 17.167 ;
; i_DINb[1]  ; o_DOUT[9]   ; 17.802 ; 17.802 ; 17.802 ; 17.802 ;
; i_DINb[1]  ; o_DOUT[10]  ; 19.043 ; 19.043 ; 19.043 ; 19.043 ;
; i_DINb[1]  ; o_DOUT[11]  ; 19.599 ; 19.599 ; 19.599 ; 19.599 ;
; i_DINb[1]  ; o_DOUT[12]  ; 20.456 ; 20.456 ; 20.456 ; 20.456 ;
; i_DINb[1]  ; o_DOUT[13]  ; 21.154 ; 21.154 ; 21.154 ; 21.154 ;
; i_DINb[1]  ; o_DOUT[14]  ; 21.613 ; 21.613 ; 21.613 ; 21.613 ;
; i_DINb[1]  ; o_DOUT[15]  ; 21.624 ; 21.624 ; 21.624 ; 21.624 ;
; i_DINb[2]  ; o_DOUT[2]   ; 8.461  ; 8.461  ; 8.461  ; 8.461  ;
; i_DINb[2]  ; o_DOUT[3]   ; 9.626  ; 9.626  ; 9.626  ; 9.626  ;
; i_DINb[2]  ; o_DOUT[4]   ; 11.211 ; 11.211 ; 11.211 ; 11.211 ;
; i_DINb[2]  ; o_DOUT[5]   ; 13.558 ; 13.558 ; 13.558 ; 13.558 ;
; i_DINb[2]  ; o_DOUT[6]   ; 13.933 ; 13.933 ; 13.933 ; 13.933 ;
; i_DINb[2]  ; o_DOUT[7]   ; 16.462 ; 16.462 ; 16.462 ; 16.462 ;
; i_DINb[2]  ; o_DOUT[8]   ; 16.451 ; 16.451 ; 16.451 ; 16.451 ;
; i_DINb[2]  ; o_DOUT[9]   ; 17.086 ; 17.086 ; 17.086 ; 17.086 ;
; i_DINb[2]  ; o_DOUT[10]  ; 18.395 ; 18.395 ; 18.395 ; 18.395 ;
; i_DINb[2]  ; o_DOUT[11]  ; 18.951 ; 18.951 ; 18.951 ; 18.951 ;
; i_DINb[2]  ; o_DOUT[12]  ; 19.808 ; 19.808 ; 19.808 ; 19.808 ;
; i_DINb[2]  ; o_DOUT[13]  ; 20.506 ; 20.506 ; 20.506 ; 20.506 ;
; i_DINb[2]  ; o_DOUT[14]  ; 20.965 ; 20.965 ; 20.965 ; 20.965 ;
; i_DINb[2]  ; o_DOUT[15]  ; 20.976 ; 20.976 ; 20.976 ; 20.976 ;
; i_DINb[3]  ; o_DOUT[3]   ; 12.206 ; 12.206 ; 12.206 ; 12.206 ;
; i_DINb[3]  ; o_DOUT[4]   ; 14.137 ; 14.137 ; 14.137 ; 14.137 ;
; i_DINb[3]  ; o_DOUT[5]   ; 16.477 ; 16.477 ; 16.477 ; 16.477 ;
; i_DINb[3]  ; o_DOUT[6]   ; 16.852 ; 16.852 ; 16.852 ; 16.852 ;
; i_DINb[3]  ; o_DOUT[7]   ; 19.381 ; 19.381 ; 19.381 ; 19.381 ;
; i_DINb[3]  ; o_DOUT[8]   ; 19.370 ; 19.370 ; 19.370 ; 19.370 ;
; i_DINb[3]  ; o_DOUT[9]   ; 20.005 ; 20.005 ; 20.005 ; 20.005 ;
; i_DINb[3]  ; o_DOUT[10]  ; 21.003 ; 21.003 ; 21.003 ; 21.003 ;
; i_DINb[3]  ; o_DOUT[11]  ; 21.559 ; 21.559 ; 21.559 ; 21.559 ;
; i_DINb[3]  ; o_DOUT[12]  ; 22.416 ; 22.416 ; 22.416 ; 22.416 ;
; i_DINb[3]  ; o_DOUT[13]  ; 23.114 ; 23.114 ; 23.114 ; 23.114 ;
; i_DINb[3]  ; o_DOUT[14]  ; 23.573 ; 23.573 ; 23.573 ; 23.573 ;
; i_DINb[3]  ; o_DOUT[15]  ; 23.584 ; 23.584 ; 23.584 ; 23.584 ;
; i_DINb[4]  ; o_DOUT[4]   ; 12.350 ; 12.350 ; 12.350 ; 12.350 ;
; i_DINb[4]  ; o_DOUT[5]   ; 15.129 ; 15.129 ; 15.129 ; 15.129 ;
; i_DINb[4]  ; o_DOUT[6]   ; 15.504 ; 15.504 ; 15.504 ; 15.504 ;
; i_DINb[4]  ; o_DOUT[7]   ; 18.033 ; 18.033 ; 18.033 ; 18.033 ;
; i_DINb[4]  ; o_DOUT[8]   ; 18.022 ; 18.022 ; 18.022 ; 18.022 ;
; i_DINb[4]  ; o_DOUT[9]   ; 18.657 ; 18.657 ; 18.657 ; 18.657 ;
; i_DINb[4]  ; o_DOUT[10]  ; 19.346 ; 19.346 ; 19.346 ; 19.346 ;
; i_DINb[4]  ; o_DOUT[11]  ; 19.888 ; 19.888 ; 19.888 ; 19.888 ;
; i_DINb[4]  ; o_DOUT[12]  ; 20.747 ; 20.747 ; 20.747 ; 20.747 ;
; i_DINb[4]  ; o_DOUT[13]  ; 21.445 ; 21.445 ; 21.445 ; 21.445 ;
; i_DINb[4]  ; o_DOUT[14]  ; 21.904 ; 21.904 ; 21.904 ; 21.904 ;
; i_DINb[4]  ; o_DOUT[15]  ; 21.915 ; 21.915 ; 21.915 ; 21.915 ;
; i_DINb[5]  ; o_DOUT[5]   ; 12.253 ; 12.253 ; 12.253 ; 12.253 ;
; i_DINb[5]  ; o_DOUT[6]   ; 13.951 ; 13.951 ; 13.951 ; 13.951 ;
; i_DINb[5]  ; o_DOUT[7]   ; 16.480 ; 16.480 ; 16.480 ; 16.480 ;
; i_DINb[5]  ; o_DOUT[8]   ; 16.469 ; 16.469 ; 16.469 ; 16.469 ;
; i_DINb[5]  ; o_DOUT[9]   ; 17.104 ; 17.104 ; 17.104 ; 17.104 ;
; i_DINb[5]  ; o_DOUT[10]  ; 17.793 ; 17.793 ; 17.793 ; 17.793 ;
; i_DINb[5]  ; o_DOUT[11]  ; 18.335 ; 18.335 ; 18.335 ; 18.335 ;
; i_DINb[5]  ; o_DOUT[12]  ; 19.194 ; 19.194 ; 19.194 ; 19.194 ;
; i_DINb[5]  ; o_DOUT[13]  ; 19.892 ; 19.892 ; 19.892 ; 19.892 ;
; i_DINb[5]  ; o_DOUT[14]  ; 20.351 ; 20.351 ; 20.351 ; 20.351 ;
; i_DINb[5]  ; o_DOUT[15]  ; 20.362 ; 20.362 ; 20.362 ; 20.362 ;
; i_DINb[6]  ; o_DOUT[6]   ; 11.526 ; 11.526 ; 11.526 ; 11.526 ;
; i_DINb[6]  ; o_DOUT[7]   ; 13.557 ; 13.557 ; 13.557 ; 13.557 ;
; i_DINb[6]  ; o_DOUT[8]   ; 13.312 ; 13.312 ; 13.312 ; 13.312 ;
; i_DINb[6]  ; o_DOUT[9]   ; 13.947 ; 13.947 ; 13.947 ; 13.947 ;
; i_DINb[6]  ; o_DOUT[10]  ; 14.636 ; 14.636 ; 14.636 ; 14.636 ;
; i_DINb[6]  ; o_DOUT[11]  ; 15.178 ; 15.178 ; 15.178 ; 15.178 ;
; i_DINb[6]  ; o_DOUT[12]  ; 16.037 ; 16.037 ; 16.037 ; 16.037 ;
; i_DINb[6]  ; o_DOUT[13]  ; 16.735 ; 16.735 ; 16.735 ; 16.735 ;
; i_DINb[6]  ; o_DOUT[14]  ; 17.194 ; 17.194 ; 17.194 ; 17.194 ;
; i_DINb[6]  ; o_DOUT[15]  ; 17.205 ; 17.205 ; 17.205 ; 17.205 ;
; i_DINb[7]  ; o_DOUT[7]   ; 12.226 ; 12.226 ; 12.226 ; 12.226 ;
; i_DINb[7]  ; o_DOUT[8]   ; 11.756 ; 11.756 ; 11.756 ; 11.756 ;
; i_DINb[7]  ; o_DOUT[9]   ; 12.389 ; 12.389 ; 12.389 ; 12.389 ;
; i_DINb[7]  ; o_DOUT[10]  ; 13.078 ; 13.078 ; 13.078 ; 13.078 ;
; i_DINb[7]  ; o_DOUT[11]  ; 13.620 ; 13.620 ; 13.620 ; 13.620 ;
; i_DINb[7]  ; o_DOUT[12]  ; 14.479 ; 14.479 ; 14.479 ; 14.479 ;
; i_DINb[7]  ; o_DOUT[13]  ; 15.177 ; 15.177 ; 15.177 ; 15.177 ;
; i_DINb[7]  ; o_DOUT[14]  ; 15.636 ; 15.636 ; 15.636 ; 15.636 ;
; i_DINb[7]  ; o_DOUT[15]  ; 15.647 ;        ;        ; 15.647 ;
+------------+-------------+--------+--------+--------+--------+


+----------------------------------------------------------+
; Minimum Progagation Delay                                ;
+------------+-------------+-------+-------+-------+-------+
; Input Port ; Output Port ; RR    ; RF    ; FR    ; FF    ;
+------------+-------------+-------+-------+-------+-------+
; i_DINa[0]  ; o_DOUT[0]   ; 4.404 ;       ;       ; 4.404 ;
; i_DINa[0]  ; o_DOUT[1]   ; 4.256 ; 4.256 ; 4.256 ; 4.256 ;
; i_DINa[0]  ; o_DOUT[2]   ; 4.386 ; 4.386 ; 4.386 ; 4.386 ;
; i_DINa[0]  ; o_DOUT[3]   ; 4.108 ; 4.108 ; 4.108 ; 4.108 ;
; i_DINa[0]  ; o_DOUT[4]   ; 4.208 ; 4.208 ; 4.208 ; 4.208 ;
; i_DINa[0]  ; o_DOUT[5]   ; 4.407 ; 4.407 ; 4.407 ; 4.407 ;
; i_DINa[0]  ; o_DOUT[6]   ; 4.034 ; 4.034 ; 4.034 ; 4.034 ;
; i_DINa[0]  ; o_DOUT[7]   ; 4.295 ; 4.295 ; 4.295 ; 4.295 ;
; i_DINa[0]  ; o_DOUT[8]   ; 3.906 ; 3.906 ; 3.906 ; 3.906 ;
; i_DINa[0]  ; o_DOUT[9]   ; 4.185 ; 4.185 ; 4.185 ; 4.185 ;
; i_DINa[0]  ; o_DOUT[10]  ; 4.478 ; 4.478 ; 4.478 ; 4.478 ;
; i_DINa[0]  ; o_DOUT[11]  ; 4.706 ; 4.706 ; 4.706 ; 4.706 ;
; i_DINa[0]  ; o_DOUT[12]  ; 5.089 ; 5.089 ; 5.089 ; 5.089 ;
; i_DINa[0]  ; o_DOUT[13]  ; 5.386 ; 5.386 ; 5.386 ; 5.386 ;
; i_DINa[0]  ; o_DOUT[14]  ; 5.582 ; 5.582 ; 5.582 ; 5.582 ;
; i_DINa[0]  ; o_DOUT[15]  ; 5.589 ; 5.948 ; 5.948 ; 5.589 ;
; i_DINa[1]  ; o_DOUT[1]   ; 4.208 ; 4.208 ; 4.208 ; 4.208 ;
; i_DINa[1]  ; o_DOUT[2]   ; 5.025 ; 5.025 ; 5.025 ; 5.025 ;
; i_DINa[1]  ; o_DOUT[3]   ; 4.971 ; 4.971 ; 4.971 ; 4.971 ;
; i_DINa[1]  ; o_DOUT[4]   ; 5.008 ; 5.008 ; 5.008 ; 5.008 ;
; i_DINa[1]  ; o_DOUT[5]   ; 5.141 ; 5.141 ; 5.141 ; 5.141 ;
; i_DINa[1]  ; o_DOUT[6]   ; 4.918 ; 4.918 ; 4.918 ; 4.918 ;
; i_DINa[1]  ; o_DOUT[7]   ; 4.716 ; 4.716 ; 4.716 ; 4.716 ;
; i_DINa[1]  ; o_DOUT[8]   ; 3.979 ; 3.979 ; 3.979 ; 3.979 ;
; i_DINa[1]  ; o_DOUT[9]   ; 4.260 ; 4.260 ; 4.260 ; 4.260 ;
; i_DINa[1]  ; o_DOUT[10]  ; 4.553 ; 4.553 ; 4.553 ; 4.553 ;
; i_DINa[1]  ; o_DOUT[11]  ; 4.781 ; 4.781 ; 4.781 ; 4.781 ;
; i_DINa[1]  ; o_DOUT[12]  ; 5.164 ; 5.164 ; 5.164 ; 5.164 ;
; i_DINa[1]  ; o_DOUT[13]  ; 5.461 ; 5.461 ; 5.461 ; 5.461 ;
; i_DINa[1]  ; o_DOUT[14]  ; 5.621 ; 5.621 ; 5.621 ; 5.621 ;
; i_DINa[1]  ; o_DOUT[15]  ; 5.626 ; 5.767 ; 5.767 ; 5.626 ;
; i_DINa[2]  ; o_DOUT[2]   ; 4.700 ; 4.700 ; 4.700 ; 4.700 ;
; i_DINa[2]  ; o_DOUT[3]   ; 4.830 ; 4.830 ; 4.830 ; 4.830 ;
; i_DINa[2]  ; o_DOUT[4]   ; 5.246 ; 5.246 ; 5.246 ; 5.246 ;
; i_DINa[2]  ; o_DOUT[5]   ; 5.476 ; 5.476 ; 5.476 ; 5.476 ;
; i_DINa[2]  ; o_DOUT[6]   ; 4.941 ; 4.941 ; 4.941 ; 4.941 ;
; i_DINa[2]  ; o_DOUT[7]   ; 5.102 ; 5.102 ; 5.102 ; 5.102 ;
; i_DINa[2]  ; o_DOUT[8]   ; 4.473 ; 4.473 ; 4.473 ; 4.473 ;
; i_DINa[2]  ; o_DOUT[9]   ; 4.222 ; 4.222 ; 4.222 ; 4.222 ;
; i_DINa[2]  ; o_DOUT[10]  ; 4.514 ; 4.514 ; 4.514 ; 4.514 ;
; i_DINa[2]  ; o_DOUT[11]  ; 4.742 ; 4.742 ; 4.742 ; 4.742 ;
; i_DINa[2]  ; o_DOUT[12]  ; 5.125 ; 5.125 ; 5.125 ; 5.125 ;
; i_DINa[2]  ; o_DOUT[13]  ; 5.422 ; 5.422 ; 5.422 ; 5.422 ;
; i_DINa[2]  ; o_DOUT[14]  ; 5.618 ; 5.618 ; 5.618 ; 5.618 ;
; i_DINa[2]  ; o_DOUT[15]  ; 5.625 ; 6.011 ; 6.011 ; 5.625 ;
; i_DINa[3]  ; o_DOUT[3]   ; 4.499 ; 4.499 ; 4.499 ; 4.499 ;
; i_DINa[3]  ; o_DOUT[4]   ; 4.672 ; 4.672 ; 4.672 ; 4.672 ;
; i_DINa[3]  ; o_DOUT[5]   ; 5.025 ; 5.025 ; 5.025 ; 5.025 ;
; i_DINa[3]  ; o_DOUT[6]   ; 4.204 ; 4.204 ; 4.204 ; 4.204 ;
; i_DINa[3]  ; o_DOUT[7]   ; 4.556 ; 4.556 ; 4.556 ; 4.556 ;
; i_DINa[3]  ; o_DOUT[8]   ; 3.527 ; 3.527 ; 3.527 ; 3.527 ;
; i_DINa[3]  ; o_DOUT[9]   ; 3.187 ; 3.187 ; 3.187 ; 3.187 ;
; i_DINa[3]  ; o_DOUT[10]  ; 3.479 ; 3.479 ; 3.479 ; 3.479 ;
; i_DINa[3]  ; o_DOUT[11]  ; 3.707 ; 3.707 ; 3.707 ; 3.707 ;
; i_DINa[3]  ; o_DOUT[12]  ; 4.090 ; 4.090 ; 4.090 ; 4.090 ;
; i_DINa[3]  ; o_DOUT[13]  ; 4.387 ; 4.387 ; 4.387 ; 4.387 ;
; i_DINa[3]  ; o_DOUT[14]  ; 4.478 ; 4.478 ; 4.478 ; 4.478 ;
; i_DINa[3]  ; o_DOUT[15]  ; 4.483 ; 4.590 ; 4.590 ; 4.483 ;
; i_DINa[4]  ; o_DOUT[4]   ; 4.629 ; 4.629 ; 4.629 ; 4.629 ;
; i_DINa[4]  ; o_DOUT[5]   ; 4.809 ; 4.809 ; 4.809 ; 4.809 ;
; i_DINa[4]  ; o_DOUT[6]   ; 4.198 ; 4.198 ; 4.198 ; 4.198 ;
; i_DINa[4]  ; o_DOUT[7]   ; 4.831 ; 4.831 ; 4.831 ; 4.831 ;
; i_DINa[4]  ; o_DOUT[8]   ; 4.005 ; 4.005 ; 4.005 ; 4.005 ;
; i_DINa[4]  ; o_DOUT[9]   ; 3.325 ; 3.325 ; 3.325 ; 3.325 ;
; i_DINa[4]  ; o_DOUT[10]  ; 3.058 ; 3.058 ; 3.058 ; 3.058 ;
; i_DINa[4]  ; o_DOUT[11]  ; 3.185 ; 3.185 ; 3.185 ; 3.185 ;
; i_DINa[4]  ; o_DOUT[12]  ; 3.568 ; 3.568 ; 3.568 ; 3.568 ;
; i_DINa[4]  ; o_DOUT[13]  ; 3.865 ; 3.865 ; 3.865 ; 3.865 ;
; i_DINa[4]  ; o_DOUT[14]  ; 4.061 ; 4.061 ; 4.061 ; 4.061 ;
; i_DINa[4]  ; o_DOUT[15]  ; 4.068 ; 4.169 ; 4.169 ; 4.068 ;
; i_DINa[5]  ; o_DOUT[5]   ; 5.500 ; 5.500 ; 5.500 ; 5.500 ;
; i_DINa[5]  ; o_DOUT[6]   ; 4.746 ; 4.746 ; 4.746 ; 4.746 ;
; i_DINa[5]  ; o_DOUT[7]   ; 5.132 ; 5.132 ; 5.132 ; 5.132 ;
; i_DINa[5]  ; o_DOUT[8]   ; 4.274 ; 4.274 ; 4.274 ; 4.274 ;
; i_DINa[5]  ; o_DOUT[9]   ; 4.141 ; 4.141 ; 4.141 ; 4.141 ;
; i_DINa[5]  ; o_DOUT[10]  ; 3.440 ; 3.440 ; 3.440 ; 3.440 ;
; i_DINa[5]  ; o_DOUT[11]  ; 3.047 ; 3.047 ; 3.047 ; 3.047 ;
; i_DINa[5]  ; o_DOUT[12]  ; 3.382 ; 3.382 ; 3.382 ; 3.382 ;
; i_DINa[5]  ; o_DOUT[13]  ; 3.680 ; 3.680 ; 3.680 ; 3.680 ;
; i_DINa[5]  ; o_DOUT[14]  ; 3.876 ; 3.876 ; 3.876 ; 3.876 ;
; i_DINa[5]  ; o_DOUT[15]  ; 3.883 ; 3.930 ; 3.930 ; 3.883 ;
; i_DINa[6]  ; o_DOUT[6]   ; 4.649 ; 4.649 ; 4.649 ; 4.649 ;
; i_DINa[6]  ; o_DOUT[7]   ; 5.282 ; 5.282 ; 5.282 ; 5.282 ;
; i_DINa[6]  ; o_DOUT[8]   ; 4.653 ; 4.653 ; 4.653 ; 4.653 ;
; i_DINa[6]  ; o_DOUT[9]   ; 4.360 ; 4.360 ; 4.360 ; 4.360 ;
; i_DINa[6]  ; o_DOUT[10]  ; 3.800 ; 3.800 ; 3.800 ; 3.800 ;
; i_DINa[6]  ; o_DOUT[11]  ; 3.523 ; 3.523 ; 3.523 ; 3.523 ;
; i_DINa[6]  ; o_DOUT[12]  ; 3.219 ; 3.219 ; 3.219 ; 3.219 ;
; i_DINa[6]  ; o_DOUT[13]  ; 3.171 ; 3.171 ; 3.171 ; 3.171 ;
; i_DINa[6]  ; o_DOUT[14]  ; 3.357 ; 3.357 ; 3.357 ; 3.357 ;
; i_DINa[6]  ; o_DOUT[15]  ; 3.364 ; 3.721 ; 3.721 ; 3.364 ;
; i_DINa[7]  ; o_DOUT[7]   ; 6.526 ; 6.526 ; 6.526 ; 6.526 ;
; i_DINa[7]  ; o_DOUT[8]   ; 5.550 ; 5.550 ; 5.550 ; 5.550 ;
; i_DINa[7]  ; o_DOUT[9]   ; 5.078 ; 5.078 ; 5.078 ; 5.078 ;
; i_DINa[7]  ; o_DOUT[10]  ; 5.096 ; 5.096 ; 5.096 ; 5.096 ;
; i_DINa[7]  ; o_DOUT[11]  ; 4.469 ; 4.469 ; 4.469 ; 4.469 ;
; i_DINa[7]  ; o_DOUT[12]  ; 4.138 ; 4.138 ; 4.138 ; 4.138 ;
; i_DINa[7]  ; o_DOUT[13]  ; 3.973 ; 3.973 ; 3.973 ; 3.973 ;
; i_DINa[7]  ; o_DOUT[14]  ; 3.641 ; 3.641 ; 3.641 ; 3.641 ;
; i_DINa[7]  ; o_DOUT[15]  ; 3.645 ; 4.164 ; 4.164 ; 3.645 ;
; i_DINb[0]  ; o_DOUT[0]   ; 4.438 ;       ;       ; 4.438 ;
; i_DINb[0]  ; o_DOUT[1]   ; 4.144 ; 4.144 ; 4.144 ; 4.144 ;
; i_DINb[0]  ; o_DOUT[2]   ; 4.736 ; 4.736 ; 4.736 ; 4.736 ;
; i_DINb[0]  ; o_DOUT[3]   ; 4.866 ; 4.866 ; 4.866 ; 4.866 ;
; i_DINb[0]  ; o_DOUT[4]   ; 5.245 ; 5.245 ; 5.245 ; 5.245 ;
; i_DINb[0]  ; o_DOUT[5]   ; 5.810 ; 5.810 ; 5.810 ; 5.810 ;
; i_DINb[0]  ; o_DOUT[6]   ; 5.379 ; 5.379 ; 5.379 ; 5.379 ;
; i_DINb[0]  ; o_DOUT[7]   ; 6.012 ; 6.012 ; 6.012 ; 6.012 ;
; i_DINb[0]  ; o_DOUT[8]   ; 5.383 ; 5.383 ; 5.383 ; 5.383 ;
; i_DINb[0]  ; o_DOUT[9]   ; 5.659 ; 5.659 ; 5.659 ; 5.659 ;
; i_DINb[0]  ; o_DOUT[10]  ; 5.952 ; 5.952 ; 5.952 ; 5.952 ;
; i_DINb[0]  ; o_DOUT[11]  ; 6.117 ; 6.117 ; 6.117 ; 6.117 ;
; i_DINb[0]  ; o_DOUT[12]  ; 6.268 ; 6.268 ; 6.268 ; 6.268 ;
; i_DINb[0]  ; o_DOUT[13]  ; 6.106 ; 6.106 ; 6.106 ; 6.106 ;
; i_DINb[0]  ; o_DOUT[14]  ; 6.208 ; 6.208 ; 6.208 ; 6.208 ;
; i_DINb[0]  ; o_DOUT[15]  ; 6.213 ; 6.298 ; 6.298 ; 6.213 ;
; i_DINb[1]  ; o_DOUT[1]   ; 4.261 ; 4.261 ; 4.261 ; 4.261 ;
; i_DINb[1]  ; o_DOUT[2]   ; 5.035 ; 5.035 ; 5.035 ; 5.035 ;
; i_DINb[1]  ; o_DOUT[3]   ; 4.969 ; 4.969 ; 4.969 ; 4.969 ;
; i_DINb[1]  ; o_DOUT[4]   ; 5.152 ; 5.152 ; 5.152 ; 5.152 ;
; i_DINb[1]  ; o_DOUT[5]   ; 5.400 ; 5.400 ; 5.400 ; 5.400 ;
; i_DINb[1]  ; o_DOUT[6]   ; 4.979 ; 4.979 ; 4.979 ; 4.979 ;
; i_DINb[1]  ; o_DOUT[7]   ; 5.612 ; 5.612 ; 5.612 ; 5.612 ;
; i_DINb[1]  ; o_DOUT[8]   ; 4.983 ; 4.983 ; 4.983 ; 4.983 ;
; i_DINb[1]  ; o_DOUT[9]   ; 5.259 ; 5.259 ; 5.259 ; 5.259 ;
; i_DINb[1]  ; o_DOUT[10]  ; 5.552 ; 5.552 ; 5.552 ; 5.552 ;
; i_DINb[1]  ; o_DOUT[11]  ; 5.671 ; 5.671 ; 5.671 ; 5.671 ;
; i_DINb[1]  ; o_DOUT[12]  ; 5.822 ; 5.822 ; 5.822 ; 5.822 ;
; i_DINb[1]  ; o_DOUT[13]  ; 5.660 ; 5.660 ; 5.660 ; 5.660 ;
; i_DINb[1]  ; o_DOUT[14]  ; 5.762 ; 5.762 ; 5.762 ; 5.762 ;
; i_DINb[1]  ; o_DOUT[15]  ; 5.767 ; 5.852 ; 5.852 ; 5.767 ;
; i_DINb[2]  ; o_DOUT[2]   ; 4.324 ; 4.324 ; 4.324 ; 4.324 ;
; i_DINb[2]  ; o_DOUT[3]   ; 4.874 ; 4.874 ; 4.874 ; 4.874 ;
; i_DINb[2]  ; o_DOUT[4]   ; 5.290 ; 5.290 ; 5.290 ; 5.290 ;
; i_DINb[2]  ; o_DOUT[5]   ; 5.666 ; 5.666 ; 5.666 ; 5.666 ;
; i_DINb[2]  ; o_DOUT[6]   ; 4.984 ; 4.984 ; 4.984 ; 4.984 ;
; i_DINb[2]  ; o_DOUT[7]   ; 5.617 ; 5.617 ; 5.617 ; 5.617 ;
; i_DINb[2]  ; o_DOUT[8]   ; 4.988 ; 4.988 ; 4.988 ; 4.988 ;
; i_DINb[2]  ; o_DOUT[9]   ; 4.863 ; 4.863 ; 4.863 ; 4.863 ;
; i_DINb[2]  ; o_DOUT[10]  ; 5.155 ; 5.155 ; 5.155 ; 5.155 ;
; i_DINb[2]  ; o_DOUT[11]  ; 5.383 ; 5.383 ; 5.383 ; 5.383 ;
; i_DINb[2]  ; o_DOUT[12]  ; 5.566 ; 5.566 ; 5.566 ; 5.566 ;
; i_DINb[2]  ; o_DOUT[13]  ; 5.530 ; 5.530 ; 5.530 ; 5.530 ;
; i_DINb[2]  ; o_DOUT[14]  ; 5.632 ; 5.632 ; 5.632 ; 5.632 ;
; i_DINb[2]  ; o_DOUT[15]  ; 5.637 ; 5.637 ; 5.637 ; 5.637 ;
; i_DINb[3]  ; o_DOUT[3]   ; 6.718 ; 6.718 ; 6.718 ; 6.718 ;
; i_DINb[3]  ; o_DOUT[4]   ; 7.555 ; 7.555 ; 7.555 ; 7.555 ;
; i_DINb[3]  ; o_DOUT[5]   ; 8.015 ; 8.015 ; 8.015 ; 8.015 ;
; i_DINb[3]  ; o_DOUT[6]   ; 7.329 ; 7.329 ; 7.329 ; 7.329 ;
; i_DINb[3]  ; o_DOUT[7]   ; 7.873 ; 7.873 ; 7.873 ; 7.873 ;
; i_DINb[3]  ; o_DOUT[8]   ; 6.978 ; 6.978 ; 6.978 ; 6.978 ;
; i_DINb[3]  ; o_DOUT[9]   ; 7.065 ; 7.065 ; 7.065 ; 7.065 ;
; i_DINb[3]  ; o_DOUT[10]  ; 7.357 ; 7.357 ; 7.357 ; 7.357 ;
; i_DINb[3]  ; o_DOUT[11]  ; 7.478 ; 7.478 ; 7.478 ; 7.478 ;
; i_DINb[3]  ; o_DOUT[12]  ; 7.629 ; 7.629 ; 7.629 ; 7.629 ;
; i_DINb[3]  ; o_DOUT[13]  ; 7.467 ; 7.467 ; 7.467 ; 7.467 ;
; i_DINb[3]  ; o_DOUT[14]  ; 7.569 ; 7.569 ; 7.569 ; 7.569 ;
; i_DINb[3]  ; o_DOUT[15]  ; 7.574 ; 7.659 ; 7.659 ; 7.574 ;
; i_DINb[4]  ; o_DOUT[4]   ; 6.770 ; 6.770 ; 6.770 ; 6.770 ;
; i_DINb[4]  ; o_DOUT[5]   ; 7.822 ; 7.822 ; 7.822 ; 7.822 ;
; i_DINb[4]  ; o_DOUT[6]   ; 7.657 ; 7.657 ; 7.657 ; 7.657 ;
; i_DINb[4]  ; o_DOUT[7]   ; 8.142 ; 8.142 ; 8.142 ; 8.142 ;
; i_DINb[4]  ; o_DOUT[8]   ; 6.964 ; 6.964 ; 6.964 ; 6.964 ;
; i_DINb[4]  ; o_DOUT[9]   ; 6.931 ; 6.931 ; 6.931 ; 6.931 ;
; i_DINb[4]  ; o_DOUT[10]  ; 6.941 ; 6.941 ; 6.941 ; 6.941 ;
; i_DINb[4]  ; o_DOUT[11]  ; 6.819 ; 6.819 ; 6.819 ; 6.819 ;
; i_DINb[4]  ; o_DOUT[12]  ; 6.970 ; 6.970 ; 6.970 ; 6.970 ;
; i_DINb[4]  ; o_DOUT[13]  ; 7.173 ; 7.173 ; 7.173 ; 7.173 ;
; i_DINb[4]  ; o_DOUT[14]  ; 7.160 ; 7.160 ; 7.160 ; 7.160 ;
; i_DINb[4]  ; o_DOUT[15]  ; 7.165 ; 7.165 ; 7.165 ; 7.165 ;
; i_DINb[5]  ; o_DOUT[5]   ; 6.678 ; 6.678 ; 6.678 ; 6.678 ;
; i_DINb[5]  ; o_DOUT[6]   ; 7.155 ; 7.155 ; 7.155 ; 7.155 ;
; i_DINb[5]  ; o_DOUT[7]   ; 7.450 ; 7.450 ; 7.450 ; 7.450 ;
; i_DINb[5]  ; o_DOUT[8]   ; 6.588 ; 6.588 ; 6.588 ; 6.588 ;
; i_DINb[5]  ; o_DOUT[9]   ; 6.435 ; 6.435 ; 6.435 ; 6.435 ;
; i_DINb[5]  ; o_DOUT[10]  ; 6.540 ; 6.540 ; 6.540 ; 6.540 ;
; i_DINb[5]  ; o_DOUT[11]  ; 6.644 ; 6.644 ; 6.644 ; 6.644 ;
; i_DINb[5]  ; o_DOUT[12]  ; 6.457 ; 6.457 ; 6.457 ; 6.457 ;
; i_DINb[5]  ; o_DOUT[13]  ; 6.664 ; 6.664 ; 6.664 ; 6.664 ;
; i_DINb[5]  ; o_DOUT[14]  ; 6.766 ; 6.766 ; 6.766 ; 6.766 ;
; i_DINb[5]  ; o_DOUT[15]  ; 6.771 ; 6.856 ; 6.856 ; 6.771 ;
; i_DINb[6]  ; o_DOUT[6]   ; 6.415 ; 6.415 ; 6.415 ; 6.415 ;
; i_DINb[6]  ; o_DOUT[7]   ; 7.205 ; 7.205 ; 7.205 ; 7.205 ;
; i_DINb[6]  ; o_DOUT[8]   ; 6.576 ; 6.576 ; 6.576 ; 6.576 ;
; i_DINb[6]  ; o_DOUT[9]   ; 6.477 ; 6.477 ; 6.477 ; 6.477 ;
; i_DINb[6]  ; o_DOUT[10]  ; 6.356 ; 6.356 ; 6.356 ; 6.356 ;
; i_DINb[6]  ; o_DOUT[11]  ; 6.362 ; 6.362 ; 6.362 ; 6.362 ;
; i_DINb[6]  ; o_DOUT[12]  ; 6.327 ; 6.327 ; 6.327 ; 6.327 ;
; i_DINb[6]  ; o_DOUT[13]  ; 6.334 ; 6.334 ; 6.334 ; 6.334 ;
; i_DINb[6]  ; o_DOUT[14]  ; 6.372 ; 6.372 ; 6.372 ; 6.372 ;
; i_DINb[6]  ; o_DOUT[15]  ; 6.377 ; 6.525 ; 6.525 ; 6.377 ;
; i_DINb[7]  ; o_DOUT[7]   ; 6.692 ; 6.692 ; 6.692 ; 6.692 ;
; i_DINb[7]  ; o_DOUT[8]   ; 6.329 ; 6.329 ; 6.329 ; 6.329 ;
; i_DINb[7]  ; o_DOUT[9]   ; 6.296 ; 6.296 ; 6.296 ; 6.296 ;
; i_DINb[7]  ; o_DOUT[10]  ; 6.579 ; 6.579 ; 6.579 ; 6.579 ;
; i_DINb[7]  ; o_DOUT[11]  ; 6.513 ; 6.513 ; 6.513 ; 6.513 ;
; i_DINb[7]  ; o_DOUT[12]  ; 6.736 ; 6.736 ; 6.736 ; 6.736 ;
; i_DINb[7]  ; o_DOUT[13]  ; 6.359 ; 6.359 ; 6.359 ; 6.359 ;
; i_DINb[7]  ; o_DOUT[14]  ; 6.048 ; 6.048 ; 6.048 ; 6.048 ;
; i_DINb[7]  ; o_DOUT[15]  ; 6.053 ;       ;       ; 6.053 ;
+------------+-------------+-------+-------+-------+-------+


-------------------
; Clock Transfers ;
-------------------
Nothing to report.


---------------
; Report TCCS ;
---------------
No dedicated SERDES Transmitter circuitry present in device or used in design


---------------
; Report RSKM ;
---------------
No dedicated SERDES Receiver circuitry present in device or used in design


+------------------------------------------------+
; Unconstrained Paths                            ;
+---------------------------------+-------+------+
; Property                        ; Setup ; Hold ;
+---------------------------------+-------+------+
; Illegal Clocks                  ; 0     ; 0    ;
; Unconstrained Clocks            ; 0     ; 0    ;
; Unconstrained Input Ports       ; 16    ; 16   ;
; Unconstrained Input Port Paths  ; 200   ; 200  ;
; Unconstrained Output Ports      ; 16    ; 16   ;
; Unconstrained Output Port Paths ; 200   ; 200  ;
+---------------------------------+-------+------+


+------------------------------------+
; TimeQuest Timing Analyzer Messages ;
+------------------------------------+
Info: *******************************************************************
Info: Running Quartus II 32-bit TimeQuest Timing Analyzer
    Info: Version 13.0.1 Build 232 06/12/2013 Service Pack 1 SJ Web Edition
    Info: Processing started: Tue Jun 14 17:31:54 2016
Info: Command: quartus_sta multiplier_as -c multiplier_as
Info: qsta_default_script.tcl version: #1
Warning (20028): Parallel compilation is not licensed and has been disabled
Info (21077): Low junction temperature is 0 degrees C
Info (21077): High junction temperature is 85 degrees C
Critical Warning (332012): Synopsys Design Constraints File file not found: 'multiplier_as.sdc'. A Synopsys Design Constraints File is required by the TimeQuest Timing Analyzer to get proper timing constraints. Without it, the Compiler will not properly optimize the design.
Info (332142): No user constrained base clocks found in the design. Calling "derive_clocks -period 1.0"
Info (332096): The command derive_clocks did not find any clocks to derive.  No clocks were created or changed.
Warning (332068): No clocks defined in design.
Info: Found TIMEQUEST_REPORT_SCRIPT_INCLUDE_DEFAULT_ANALYSIS = ON
Info (332159): No clocks to report
Info: Analyzing Slow Model
Info (332140): No fmax paths to report
Info (332140): No Setup paths to report
Info (332140): No Hold paths to report
Info (332140): No Recovery paths to report
Info (332140): No Removal paths to report
Info (332140): No Minimum Pulse Width paths to report
Info (332001): The selected device family is not supported by the report_metastability command.
Info: Analyzing Fast Model
Info (332142): No user constrained base clocks found in the design. Calling "derive_clocks -period 1.0"
Info (332096): The command derive_clocks did not find any clocks to derive.  No clocks were created or changed.
Warning (332068): No clocks defined in design.
Info (332140): No Setup paths to report
Info (332140): No Hold paths to report
Info (332140): No Recovery paths to report
Info (332140): No Removal paths to report
Info (332140): No Minimum Pulse Width paths to report
Info (332001): The selected device family is not supported by the report_metastability command.
Info (332102): Design is not fully constrained for setup requirements
Info (332102): Design is not fully constrained for hold requirements
Info: Quartus II 32-bit TimeQuest Timing Analyzer was successful. 0 errors, 4 warnings
    Info: Peak virtual memory: 327 megabytes
    Info: Processing ended: Tue Jun 14 17:31:56 2016
    Info: Elapsed time: 00:00:02
    Info: Total CPU time (on all processors): 00:00:01


